timestamp,flow_id,packet_size,sequence_number,delay_ms
0.0,1,1024,0,0
0.0006883144378662109,1,1024,1,0
0.0007691383361816406,1,1024,2,0
0.0008172988891601562,1,1024,3,0
0.0008351802825927734,1,1024,4,0
0.0008571147918701172,1,1024,5,0
0.0009262561798095703,1,1024,6,0
0.0009751319885253906,1,1024,7,0
0.0010082721710205078,1,1024,8,0
0.0010251998901367188,1,1024,9,0
0.0010411739349365234,1,1024,10,0
0.0010552406311035156,1,1024,11,0
0.0010690689086914062,1,1024,12,0
0.0010831356048583984,1,1024,13,0
0.0010962486267089844,1,1024,14,0
0.001110076904296875,1,1024,15,0
0.001123189926147461,1,1024,16,0
0.0011372566223144531,1,1024,17,0
0.001150369644165039,1,1024,18,0
0.0011641979217529297,1,1024,19,0
0.0011773109436035156,1,1024,20,0
0.001190185546875,1,1024,21,0
0.001203298568725586,1,1024,22,0
0.0012161731719970703,1,1024,23,0
0.0012292861938476562,1,1024,24,0
0.0012421607971191406,1,1024,25,0
0.0012552738189697266,1,1024,26,0
0.0012700557708740234,1,1024,27,0
0.0012822151184082031,1,1024,28,0
0.001295328140258789,1,1024,29,0
0.0013082027435302734,1,1024,30,0
0.0013222694396972656,1,1024,31,0
0.00133514404296875,1,1024,32,0
0.0014033317565917969,1,1024,33,0
0.0014162063598632812,1,1024,34,0
0.0015332698822021484,1,1024,35,0
0.0015501976013183594,1,1024,36,0
0.0016431808471679688,1,1024,37,0
0.001657247543334961,1,1024,38,0
0.0017611980438232422,1,1024,39,0
0.0017752647399902344,1,1024,40,0
0.001882314682006836,1,1024,41,0
0.0019042491912841797,1,1024,42,0
0.0019502639770507812,1,1024,43,0
0.001966238021850586,1,1024,44,0
0.002002239227294922,1,1024,45,0
0.0020160675048828125,1,1024,46,0
0.0020532608032226562,1,1024,47,0
0.002070188522338867,1,1024,48,0
0.0020873546600341797,1,1024,49,0
0.002103090286254883,1,1024,50,0
0.002117156982421875,1,1024,51,0
0.002131223678588867,1,1024,52,0
0.0022172927856445312,1,1024,53,0
0.002231121063232422,1,1024,54,0
0.0022552013397216797,1,1024,55,0
0.0022683143615722656,1,1024,56,0
0.0023033618927001953,1,1024,57,0
0.002318143844604492,1,1024,58,0
0.0023412704467773438,1,1024,59,0
0.002355337142944336,1,1024,60,0
0.002390146255493164,1,1024,61,0
0.00240325927734375,1,1024,62,0
0.002417325973510742,1,1024,63,0
0.0024302005767822266,1,1024,64,0
0.002498149871826172,1,1024,65,0
0.002511262893676758,1,1024,66,0
0.0025243759155273438,1,1024,67,0
0.002537250518798828,1,1024,68,0
0.002553224563598633,1,1024,69,0
0.0025663375854492188,1,1024,70,0
0.0026013851165771484,1,1024,71,0
0.002613067626953125,1,1024,72,0
0.002627134323120117,1,1024,73,0
0.0026412010192871094,1,1024,74,0
0.0027053356170654297,1,1024,75,0
0.002766132354736328,1,1024,76,0
0.002781391143798828,1,1024,77,0
0.0027952194213867188,1,1024,78,0
0.002809286117553711,1,1024,79,0
0.0028221607208251953,1,1024,80,0
0.0028362274169921875,1,1024,81,0
0.002850055694580078,1,1024,82,0
0.002888202667236328,1,1024,83,0
0.0029010772705078125,1,1024,84,0
0.002933025360107422,1,1024,85,0
0.002947092056274414,1,1024,86,0
0.0029611587524414062,1,1024,87,0
0.0029752254486083984,1,1024,88,0
0.002989053726196289,1,1024,89,0
0.003002166748046875,1,1024,90,0
0.003015279769897461,1,1024,91,0
0.003028392791748047,1,1024,92,0
0.0030422210693359375,1,1024,93,0
0.0030553340911865234,1,1024,94,0
0.003070354461669922,1,1024,95,0
0.0030832290649414062,1,1024,96,0
0.0030972957611083984,1,1024,97,0
0.003110170364379883,1,1024,98,0
0.0031251907348632812,1,1024,99,0
0.02211141586303711,1,1024,100,0
0.022150278091430664,1,1024,101,0
0.04349112510681152,1,1024,102,0
0.04353618621826172,1,1024,103,0
0.06614136695861816,1,1024,104,0
0.06617546081542969,1,1024,105,0
0.08486723899841309,1,1024,106,0
0.0872342586517334,1,1024,107,0
0.10610318183898926,1,1024,108,0
0.10735940933227539,1,1024,109,0
0.1261732578277588,1,1024,110,0
0.12743330001831055,1,1024,111,0
0.14626526832580566,1,1024,112,0
0.1475210189819336,1,1024,113,0
0.17016220092773438,1,1024,114,0
0.17020630836486816,1,1024,115,0
0.19137001037597656,1,1024,116,0
0.19144916534423828,1,1024,117,0
0.214003324508667,1,1024,118,0
0.21405315399169922,1,1024,119,0
0.2328932285308838,1,1024,120,0
0.23413610458374023,1,1024,121,0
0.25299715995788574,1,1024,122,0
0.25551319122314453,1,1024,123,0
0.2769052982330322,1,1024,124,0
0.27693819999694824,1,1024,125,0
0.297025203704834,1,1024,126,0
0.29708313941955566,1,1024,127,0
0.31969738006591797,1,1024,128,0
0.3197941780090332,1,1024,129,0
0.3385274410247803,1,1024,130,0
0.3410491943359375,1,1024,131,0
0.3611772060394287,1,1024,132,0
0.3612253665924072,1,1024,133,0
0.38129210472106934,1,1024,134,0
0.3813340663909912,1,1024,135,0
0.4026601314544678,1,1024,136,0
0.40270113945007324,1,1024,137,0
0.4253222942352295,1,1024,138,0
0.42537713050842285,1,1024,139,0
0.4479801654815674,1,1024,140,0
0.448026180267334,1,1024,141,0
0.4666743278503418,1,1024,142,0
0.46793603897094727,1,1024,143,0
0.4868772029876709,1,1024,144,0
0.4881472587585449,1,1024,145,0
0.5082721710205078,1,1024,146,0
0.5083131790161133,1,1024,147,0
0.530665397644043,1,1024,148,0
0.530738353729248,1,1024,149,0
0.5533292293548584,1,1024,150,0
0.5533792972564697,1,1024,151,0
0.5747251510620117,1,1024,152,0
0.5747823715209961,1,1024,153,0
0.5973742008209229,1,1024,154,0
0.5974211692810059,1,1024,155,0
0.6186642646789551,1,1024,156,0
0.6187090873718262,1,1024,157,0
0.642571210861206,1,1024,158,0
0.6426312923431396,1,1024,159,0
0.6626911163330078,1,1024,160,0
0.6627421379089355,1,1024,161,0
0.684084415435791,1,1024,162,0
0.6841332912445068,1,1024,163,0
0.7067551612854004,1,1024,164,0
0.7067961692810059,1,1024,165,0
0.7294001579284668,1,1024,166,0
0.7294402122497559,1,1024,167,0
0.7495181560516357,1,1024,168,0
0.7495582103729248,1,1024,169,0
0.7696471214294434,1,1024,170,0
0.7696681022644043,1,1024,171,0
0.793553352355957,1,1024,172,0
0.7935912609100342,1,1024,173,0
0.8124191761016846,1,1024,174,0
0.8136851787567139,1,1024,175,0
0.837543249130249,1,1024,176,0
0.8376030921936035,1,1024,177,0
0.8564143180847168,1,1024,178,0
0.8576791286468506,1,1024,179,0
0.8776571750640869,1,1024,180,0
0.878925085067749,1,1024,181,0
0.8990511894226074,1,1024,182,0
0.8990862369537354,1,1024,183,0
0.9203891754150391,1,1024,184,0
0.9204223155975342,1,1024,185,0
0.9417572021484375,1,1024,186,0
0.9417850971221924,1,1024,187,0
0.9617962837219238,1,1024,188,0
0.9618182182312012,1,1024,189,0
0.9819173812866211,1,1024,190,0
0.9819462299346924,1,1024,191,0
1.0020370483398438,1,1024,192,0
1.0033071041107178,1,1024,193,0
1.0259573459625244,1,1024,194,0
1.0259861946105957,1,1024,195,0
1.0448241233825684,1,1024,196,0
1.0460882186889648,1,1024,197,0
1.0661392211914062,1,1024,198,0
1.0661711692810059,1,1024,199,0
1.0900580883026123,1,1024,200,0
1.09013032913208,1,1024,201,0
1.1063930988311768,1,1024,202,0
1.1114282608032227,1,1024,203,0
1.1277923583984375,1,1024,204,0
1.132829189300537,1,1024,205,0
1.1479322910308838,1,1024,206,0
1.1529631614685059,1,1024,207,0
1.1680524349212646,1,1024,208,0
1.1743543148040771,1,1024,209,0
1.1881873607635498,1,1024,210,0
1.1969032287597656,1,1024,211,0
1.2107293605804443,1,1024,212,0
1.2182652950286865,1,1024,213,0
1.2333331108093262,1,1024,214,0
1.23964524269104,1,1024,215,0
1.2572474479675293,1,1024,216,0
1.2597732543945312,1,1024,217,0
1.2786312103271484,1,1024,218,0
1.2798781394958496,1,1024,219,0
1.30122709274292,1,1024,220,0
1.3012633323669434,1,1024,221,0
1.3225572109222412,1,1024,222,0
1.3225982189178467,1,1024,223,0
1.3426933288574219,1,1024,224,0
1.3427472114562988,1,1024,225,0
1.362840175628662,1,1024,226,0
1.362870216369629,1,1024,227,0
1.3839590549468994,1,1024,228,0
1.383993148803711,1,1024,229,0
1.405341386795044,1,1024,230,0
1.4053833484649658,1,1024,231,0
1.4242141246795654,1,1024,232,0
1.425478219985962,1,1024,233,0
1.4480981826782227,1,1024,234,0
1.4481432437896729,1,1024,235,0
1.4657022953033447,1,1024,236,0
1.4682271480560303,1,1024,237,0
1.4870891571044922,1,1024,238,0
1.4883513450622559,1,1024,239,0
1.509737253189087,1,1024,240,0
1.5097904205322266,1,1024,241,0
1.5335242748260498,1,1024,242,0
1.5335581302642822,1,1024,243,0
1.5523650646209717,1,1024,244,0
1.553626298904419,1,1024,245,0
1.5749902725219727,1,1024,246,0
1.5750300884246826,1,1024,247,0
1.5988752841949463,1,1024,248,0
1.5989131927490234,1,1024,249,0
1.6189732551574707,1,1024,250,0
1.6190142631530762,1,1024,251,0
1.6391141414642334,1,1024,252,0
1.639141321182251,1,1024,253,0
1.6617491245269775,1,1024,254,0
1.661783218383789,1,1024,255,0
1.680415391921997,1,1024,256,0
1.6816802024841309,1,1024,257,0
1.703050136566162,1,1024,258,0
1.7030892372131348,1,1024,259,0
1.722926139831543,1,1024,260,0
1.7241930961608887,1,1024,261,0
1.745746374130249,1,1024,262,0
1.7457811832427979,1,1024,263,0
1.768545150756836,1,1024,264,0
1.7685692310333252,1,1024,265,0
1.790132999420166,1,1024,266,0
1.7901642322540283,1,1024,267,0
1.8128392696380615,1,1024,268,0
1.812894344329834,1,1024,269,0
1.8342573642730713,1,1024,270,0
1.8342981338500977,1,1024,271,0
1.856903314590454,1,1024,272,0
1.8569331169128418,1,1024,273,0
1.8758621215820312,1,1024,274,0
1.8784613609313965,1,1024,275,0
1.8959124088287354,1,1024,276,0
1.8984332084655762,1,1024,277,0
1.919431209564209,1,1024,278,0
1.919464349746704,1,1024,279,0
1.9420862197875977,1,1024,280,0
1.9421281814575195,1,1024,281,0
1.960956335067749,1,1024,282,0
1.9622151851654053,1,1024,283,0
1.9846162796020508,1,1024,284,0
1.9846482276916504,1,1024,285,0
1.9871442317962646,2,512,0,0
1.9871742725372314,2,512,1,0
1.9871962070465088,2,512,2,0
1.987213134765625,2,512,3,0
1.987227201461792,2,512,4,0
1.9872403144836426,2,512,5,0
1.9872541427612305,2,512,6,0
1.987267255783081,2,512,7,0
1.9872801303863525,2,512,8,0
1.9872932434082031,2,512,9,0
1.9873063564300537,2,512,10,0
1.9873201847076416,2,512,11,0
1.9873342514038086,2,512,12,0
1.9873502254486084,2,512,13,0
1.9874351024627686,2,512,14,0
1.9874513149261475,2,512,15,0
1.9874701499938965,2,512,16,0
1.9874873161315918,2,512,17,0
1.9875032901763916,2,512,18,0
1.9875202178955078,2,512,19,0
1.9875383377075195,2,512,20,0
1.9875540733337402,2,512,21,0
1.9875681400299072,2,512,22,0
1.987584114074707,2,512,23,0
1.9875991344451904,2,512,24,0
1.9876132011413574,2,512,25,0
1.987633228302002,2,512,26,0
1.9876480102539062,2,512,27,0
1.9876673221588135,2,512,28,0
1.9876842498779297,2,512,29,0
1.9877042770385742,2,512,30,0
1.9877231121063232,2,512,31,0
1.9877402782440186,2,512,32,0
1.9877572059631348,2,512,33,0
1.987779140472412,2,512,34,0
1.987795352935791,2,512,35,0
1.9878122806549072,2,512,36,0
1.987828254699707,2,512,37,0
1.9878432750701904,2,512,38,0
1.9878573417663574,2,512,39,0
1.987870216369629,2,512,40,0
1.9878802299499512,2,512,41,0
1.987894058227539,2,512,42,0
1.9879071712493896,2,512,43,0
1.9879193305969238,2,512,44,0
1.9879322052001953,2,512,45,0
1.987943172454834,2,512,46,0
1.9879570007324219,2,512,47,0
1.9879710674285889,2,512,48,0
1.987983226776123,2,512,49,0
1.9879963397979736,2,512,50,0
1.9880104064941406,2,512,51,0
1.9880261421203613,2,512,52,0
1.9880414009094238,2,512,53,0
1.9880540370941162,2,512,54,0
1.9880661964416504,2,512,55,0
1.9880781173706055,2,512,56,0
1.988093376159668,2,512,57,0
1.988105297088623,2,512,58,0
1.9881200790405273,2,512,59,0
1.988133192062378,2,512,60,0
1.9881491661071777,2,512,61,0
1.9881601333618164,2,512,62,0
1.9881751537322998,2,512,63,0
1.9881892204284668,2,512,64,0
1.9882171154022217,2,512,65,0
1.9882311820983887,2,512,66,0
1.9882423877716064,2,512,67,0
1.9882562160491943,2,512,68,0
1.9882702827453613,2,512,69,0
1.98828125,2,512,70,0
1.988295316696167,2,512,71,0
1.9883122444152832,2,512,72,0
1.9883294105529785,2,512,73,0
1.9883441925048828,2,512,74,0
1.9883573055267334,2,512,75,0
1.9883701801300049,2,512,76,0
1.9883852005004883,2,512,77,0
1.9883971214294434,2,512,78,0
1.9884092807769775,2,512,79,0
1.9884212017059326,2,512,80,0
1.9884371757507324,2,512,81,0
1.988450050354004,2,512,82,0
1.9884653091430664,2,512,83,0
1.9884772300720215,2,512,84,0
1.9884893894195557,2,512,85,0
1.9885003566741943,2,512,86,0
1.9885172843933105,2,512,87,0
1.9885313510894775,2,512,88,0
1.9885423183441162,2,512,89,0
1.9885551929473877,2,512,90,0
1.9885661602020264,2,512,91,0
1.9885802268981934,2,512,92,0
1.9885952472686768,2,512,93,0
1.9886081218719482,2,512,94,0
1.9886271953582764,2,512,95,0
1.9886393547058105,2,512,96,0
1.9886631965637207,2,512,97,0
1.9886772632598877,2,512,98,0
1.988692283630371,2,512,99,0
2.003162145614624,1,1024,286,0
2.004476308822632,1,1024,287,0
2.0096073150634766,2,512,100,0
2.009632110595703,2,512,101,0
2.027372121810913,1,1024,288,0
2.0273962020874023,1,1024,289,0
2.03248929977417,2,512,102,0
2.0325162410736084,2,512,103,0
2.0451502799987793,1,1024,290,0
2.047675132751465,1,1024,291,0
2.0514752864837646,2,512,104,0
2.0527470111846924,2,512,105,0
2.0705342292785645,1,1024,292,0
2.0705621242523193,1,1024,293,0
2.0756590366363525,2,512,106,0
2.0756852626800537,2,512,107,0
2.0896642208099365,1,1024,294,0
2.0909671783447266,1,1024,295,0
2.093510150909424,2,512,108,0
2.0973942279815674,2,512,109,0
2.112598180770874,1,1024,296,0
2.112633228302002,1,1024,297,0
2.118953227996826,2,512,110,0
2.1189963817596436,2,512,111,0
2.132840394973755,1,1024,298,0
2.132887125015259,1,1024,299,0
2.141712188720703,2,512,112,0
2.1417441368103027,2,512,113,0
2.1544151306152344,1,1024,300,0
2.154451370239258,1,1024,301,0
2.1595351696014404,2,512,114,0
2.162088394165039,2,512,115,0
2.1771912574768066,1,1024,302,0
2.177272081375122,1,1024,303,0
2.1834042072296143,2,512,116,0
2.1834511756896973,2,512,117,0
2.1997601985931396,1,1024,304,0
2.1997952461242676,1,1024,305,0
2.202315092086792,2,512,118,0
2.2036001682281494,2,512,119,0
2.21996808052063,1,1024,306,0
2.220027208328247,1,1024,307,0
2.2262940406799316,2,512,120,0
2.2263381481170654,2,512,121,0
2.242692232131958,1,1024,308,0
2.2427310943603516,1,1024,309,0
2.246486186981201,2,512,122,0
2.246514320373535,2,512,123,0
2.261451005935669,1,1024,310,0
2.2627131938934326,1,1024,311,0
2.2677712440490723,2,512,124,0
2.2678022384643555,2,512,125,0
2.281747341156006,1,1024,312,0
2.283043146133423,1,1024,313,0
2.2918620109558105,2,512,126,0
2.2918922901153564,2,512,127,0
2.3044700622558594,1,1024,314,0
2.304507255554199,1,1024,315,0
2.312141180038452,2,512,128,0
2.31219220161438,2,512,129,0
2.3272483348846436,1,1024,316,0
2.3272933959960938,1,1024,317,0
2.336015224456787,2,512,130,0
2.3360722064971924,2,512,131,0
2.3448262214660645,1,1024,318,0
2.3486053943634033,1,1024,319,0
2.3549113273620605,2,512,132,0
2.357436180114746,2,512,133,0
2.3687472343444824,1,1024,320,0
2.368784189224243,1,1024,321,0
2.3763084411621094,2,512,134,0
2.3775691986083984,2,512,135,0
2.390031099319458,1,1024,322,0
2.3900673389434814,1,1024,323,0
2.4000513553619385,2,512,136,0
2.400073289871216,2,512,137,0
2.412487268447876,1,1024,324,0
2.412518262863159,1,1024,325,0
2.420025110244751,2,512,138,0
2.4200761318206787,2,512,139,0
2.433885335922241,1,1024,326,0
2.4339241981506348,1,1024,327,0
2.4452264308929443,2,512,140,0
2.44527006149292,2,512,141,0
2.4527931213378906,1,1024,328,0
2.4540562629699707,1,1024,329,0
2.4613802433013916,2,512,142,0
2.466301202774048,2,512,143,0
2.4738521575927734,1,1024,330,0
2.475121259689331,1,1024,331,0
2.485239267349243,2,512,144,0
2.4865400791168213,2,512,145,0
2.4953842163085938,1,1024,332,0
2.4954371452331543,1,1024,333,0
2.5068211555480957,2,512,146,0
2.5068721771240234,2,512,147,0
2.5191831588745117,1,1024,334,0
2.5192313194274902,1,1024,335,0
2.530534267425537,2,512,148,0
2.530585289001465,2,512,149,0
2.5381011962890625,1,1024,336,0
2.5406222343444824,1,1024,337,0
2.5494301319122314,2,512,150,0
2.55196213722229,2,512,151,0
2.562026262283325,1,1024,338,0
2.562058210372925,1,1024,339,0
2.573362350463867,2,512,152,0
2.573385238647461,2,512,153,0
2.584665298461914,1,1024,340,0
2.584686279296875,1,1024,341,0
2.5960001945495605,2,512,154,0
2.596022129058838,2,512,155,0
2.6060562133789062,1,1024,342,0
2.606076240539551,1,1024,343,0
2.6173672676086426,2,512,156,0
2.6174001693725586,2,512,157,0
2.626188039779663,1,1024,344,0
2.6262173652648926,1,1024,345,0
2.638751268386841,2,512,158,0
2.638770341873169,2,512,159,0
2.6513311862945557,1,1024,346,0
2.6513521671295166,1,1024,347,0
2.657633066177368,2,512,160,0
2.658900260925293,2,512,161,0
2.6702263355255127,1,1024,348,0
2.67149019241333,1,1024,349,0
2.6790482997894287,2,512,162,0
2.6790692806243896,2,512,163,0
2.694129228591919,1,1024,350,0
2.69415020942688,1,1024,351,0
2.702848196029663,2,512,164,0
2.702866315841675,2,512,165,0
2.714179277420044,1,1024,352,0
2.714205265045166,1,1024,353,0
2.7217373847961426,2,512,166,0
2.721762180328369,2,512,167,0
2.7368202209472656,1,1024,354,0
2.736844062805176,1,1024,355,0
2.7456061840057373,2,512,168,0
2.7456252574920654,2,512,169,0
2.756930112838745,1,1024,356,0
2.7569611072540283,1,1024,357,0
2.7644851207733154,2,512,170,0
2.765754222869873,2,512,171,0
2.7821004390716553,1,1024,358,0
2.7821240425109863,1,1024,359,0
2.7871360778808594,2,512,172,0
2.7871642112731934,2,512,173,0
2.8009822368621826,1,1024,360,0
2.802246332168579,1,1024,361,0
2.807281255722046,2,512,174,0
2.807302236557007,2,512,175,0
2.826019287109375,1,1024,362,0
2.826078414916992,1,1024,363,0
2.8283493518829346,2,512,176,0
2.828367233276367,2,512,177,0
2.845980167388916,1,1024,364,0
2.8460052013397217,1,1024,365,0
2.851015329360962,2,512,178,0
2.8510353565216064,2,512,179,0
2.8698890209198,1,1024,366,0
2.869927167892456,2,512,180,0
2.869946241378784,1,1024,367,0
2.8724191188812256,2,512,181,0
2.8862111568450928,1,1024,368,0
2.890000343322754,1,1024,369,0
2.8900201320648193,2,512,182,0
2.8925251960754395,2,512,183,0
2.910041093826294,1,1024,370,0
2.910064220428467,1,1024,371,0
2.91384220123291,2,512,184,0
2.9138612747192383,2,512,185,0
2.934033155441284,1,1024,372,0
2.9340851306915283,2,512,186,0
2.9341042041778564,1,1024,373,0
2.9341230392456055,2,512,187,0
2.9542860984802246,1,1024,374,0
2.954322338104248,1,1024,375,0
2.9556002616882324,2,512,188,0
2.955630302429199,2,512,189,0
2.9797592163085938,2,512,190,0
2.979783296585083,2,512,191,0
2.9797980785369873,1,1024,376,0
2.9798152446746826,1,1024,377,0
2.9986822605133057,1,1024,378,0
2.9987051486968994,2,512,192,0
2.998723268508911,2,512,193,0
2.9987404346466064,1,1024,379,0
3.018972158432007,2,512,194,0
3.0190062522888184,2,512,195,0
3.0240402221679688,1,1024,380,0
3.024069309234619,1,1024,381,0
3.040349245071411,1,1024,382,0
3.0403923988342285,2,512,196,0
3.0404112339019775,2,512,197,0
3.0441510677337646,1,1024,383,0
3.060281276702881,2,512,198,0
3.060319423675537,2,512,199,0
3.060338258743286,1,1024,384,0
3.0652763843536377,1,1024,385,0
3.0803751945495605,2,512,200,0
3.0804221630096436,2,512,201,0
3.080442190170288,1,1024,386,0
3.0854153633117676,1,1024,387,0
3.1017391681671143,1,1024,388,0
3.1017701625823975,2,512,202,0
3.101795196533203,2,512,203,0
3.105534315109253,1,1024,389,0
3.1206421852111816,2,512,204,0
3.1218931674957275,1,1024,390,0
3.121915340423584,2,512,205,0
3.1269371509552,1,1024,391,0
3.14188814163208,2,512,206,0
3.141911268234253,2,512,207,0
3.144411325454712,1,1024,392,0
3.146773099899292,1,1024,393,0
3.1645193099975586,2,512,208,0
3.164546251296997,2,512,209,0
3.1658360958099365,1,1024,394,0
3.1684300899505615,1,1024,395,0
3.186068296432495,2,512,210,0
3.1860952377319336,2,512,211,0
3.18611216545105,1,1024,396,0
3.1886892318725586,1,1024,397,0
3.2090260982513428,2,512,212,0
3.209048271179199,1,1024,398,0
3.2090632915496826,2,512,213,0
3.209080219268799,1,1024,399,0
3.2306692600250244,1,1024,400,0
3.230698347091675,1,1024,401,0
3.230717182159424,2,512,214,0
3.23073410987854,2,512,215,0
3.2523112297058105,1,1024,402,0
3.2523481845855713,1,1024,403,0
3.253634214401245,2,512,216,0
3.253662347793579,2,512,217,0
3.275278091430664,1,1024,404,0
3.2753052711486816,1,1024,405,0
3.2753281593322754,2,512,218,0
3.275351047515869,2,512,219,0
3.2943832874298096,2,512,220,0
3.295652151107788,2,512,221,0
3.2956793308258057,1,1024,406,0
3.2957022190093994,1,1024,407,0
3.317286252975464,2,512,222,0
3.3173251152038574,2,512,223,0
3.3173532485961914,1,1024,408,0
3.31738018989563,1,1024,409,0
3.335101366043091,2,512,224,0
3.3376641273498535,2,512,225,0
3.3376991748809814,1,1024,410,0
3.3377301692962646,1,1024,411,0
3.360506296157837,2,512,226,0
3.360570192337036,2,512,227,0
3.3606033325195312,1,1024,412,0
3.360635280609131,1,1024,413,0
3.3783352375030518,1,1024,414,0
3.3783843517303467,2,512,228,0
3.3809292316436768,2,512,229,0
3.3822152614593506,1,1024,415,0
3.401318311691284,1,1024,416,0
3.402635097503662,1,1024,417,0
3.402780294418335,2,512,230,0
3.4028332233428955,2,512,231,0
3.4231250286102295,2,512,232,0
3.423417091369629,2,512,233,0
3.4244143962860107,1,1024,418,0
3.4245493412017822,1,1024,419,0
3.442214250564575,1,1024,420,0
3.4448912143707275,1,1024,421,0
3.4451301097869873,2,512,234,0
3.4452192783355713,2,512,235,0
3.463834285736084,2,512,236,0
3.4651551246643066,2,512,237,0
3.466499090194702,1,1024,422,0
3.4666213989257812,1,1024,423,0
3.485830307006836,1,1024,424,0
3.4862301349639893,1,1024,425,0
3.4884941577911377,2,512,238,0
3.488640069961548,2,512,239,0
3.506479263305664,2,512,240,0
3.5077271461486816,1,1024,426,0
3.507817268371582,1,1024,427,0
3.5089452266693115,2,512,241,0
3.528055191040039,2,512,242,0
3.5293450355529785,2,512,243,0
3.5306754112243652,1,1024,428,0
3.5308003425598145,1,1024,429,0
3.551044225692749,2,512,244,0
3.5512824058532715,1,1024,430,0
3.551391363143921,2,512,245,0
3.5514791011810303,1,1024,431,0
3.5716552734375,2,512,246,0
3.5719261169433594,2,512,247,0
3.575512170791626,1,1024,432,0
3.5756092071533203,1,1024,433,0
3.591057300567627,2,512,248,0
3.592376232147217,2,512,249,0
3.594642400741577,1,1024,434,0
3.5956122875213623,1,1024,435,0
3.616133213043213,1,1024,436,0
3.6162312030792236,2,512,250,0
3.6162731647491455,2,512,251,0
3.6163063049316406,1,1024,437,0
3.637310266494751,2,512,252,0
3.637406349182129,2,512,253,0
3.639921188354492,1,1024,438,0
3.6400163173675537,1,1024,439,0
3.657780408859253,1,1024,440,0
3.6603901386260986,2,512,254,0
3.660541296005249,2,512,255,0
3.6606383323669434,1,1024,441,0
3.680885076522827,1,1024,442,0
3.6812081336975098,2,512,256,0
3.682608127593994,2,512,257,0
3.6827304363250732,1,1024,443,0
3.704334259033203,2,512,258,0
3.704423189163208,2,512,259,0
3.705627202987671,1,1024,444,0
3.705672264099121,1,1024,445,0
3.724386215209961,2,512,260,0
3.724445343017578,2,512,261,0
3.7256691455841064,1,1024,446,0
3.725694417953491,1,1024,447,0
3.745636224746704,2,512,262,0
3.745694398880005,2,512,263,0
3.750671148300171,1,1024,448,0
3.7506933212280273,1,1024,449,0
3.767022132873535,1,1024,450,0
3.768278121948242,2,512,264,0
3.7683310508728027,2,512,265,0
3.770583152770996,1,1024,451,0
3.7870311737060547,2,512,266,0
3.78953218460083,2,512,267,0
3.7895731925964355,1,1024,452,0
3.792074203491211,1,1024,453,0
3.810849189758301,2,512,268,0
3.8108983039855957,2,512,269,0
3.813378095626831,1,1024,454,0
3.8134100437164307,1,1024,455,0
3.8298392295837402,2,512,270,0
3.8311071395874023,2,512,271,0
3.8359920978546143,1,1024,456,0
3.836118221282959,1,1024,457,0
3.853593111038208,2,512,272,0
3.8536412715911865,2,512,273,0
3.8560822010040283,1,1024,458,0
3.856117010116577,1,1024,459,0
3.872401237487793,2,512,274,0
3.873662233352661,2,512,275,0
3.880000114440918,1,1024,460,0
3.8800652027130127,1,1024,461,0
3.8925912380218506,2,512,276,0
3.8938560485839844,2,512,277,0
3.900167226791382,1,1024,462,0
3.9002161026000977,1,1024,463,0
3.9127843379974365,2,512,278,0
3.914058208465576,2,512,279,0
3.9228901863098145,1,1024,464,0
3.922945022583008,1,1024,465,0
3.936859130859375,2,512,280,0
3.936979293823242,2,512,281,0
3.942014217376709,1,1024,466,0
3.9445672035217285,1,1024,467,0
3.9583680629730225,2,512,282,0
3.9584312438964844,2,512,283,0
3.9660370349884033,1,1024,468,0
3.966107130050659,1,1024,469,0
3.9812171459198,2,512,284,0
3.9812910556793213,2,512,285,0
3.9850261211395264,1,1024,470,0
3.9862923622131348,1,1024,471,0
4.002813339233398,2,512,286,0
4.002877235412598,2,512,287,0
4.009140253067017,1,1024,472,0
4.009194374084473,1,1024,473,0
4.01670503616333,3,1024,0,0
4.0167882442474365,3,1024,1,0
4.016822099685669,3,1024,2,0
4.01684308052063,3,1024,3,0
4.016860246658325,3,1024,4,0
4.0169291496276855,3,1024,5,0
4.016947269439697,3,1024,6,0
4.016962051391602,3,1024,7,0
4.016977310180664,3,1024,8,0
4.017041206359863,3,1024,9,0
4.01706337928772,3,1024,10,0
4.017189264297485,3,1024,11,0
4.017245292663574,3,1024,12,0
4.01726222038269,3,1024,13,0
4.017276287078857,3,1024,14,0
4.017290115356445,3,1024,15,0
4.017321348190308,3,1024,16,0
4.017366170883179,3,1024,17,0
4.017385244369507,3,1024,18,0
4.01740026473999,3,1024,19,0
4.017414331436157,3,1024,20,0
4.017428398132324,3,1024,21,0
4.0174431800842285,3,1024,22,0
4.0174641609191895,3,1024,23,0
4.017479181289673,3,1024,24,0
4.017495155334473,3,1024,25,0
4.017510175704956,3,1024,26,0
4.0175251960754395,3,1024,27,0
4.0175392627716064,3,1024,28,0
4.01755428314209,3,1024,29,0
4.01756739616394,3,1024,30,0
4.017583131790161,3,1024,31,0
4.017601251602173,3,1024,32,0
4.017617225646973,3,1024,33,0
4.0176331996917725,3,1024,34,0
4.0176942348480225,3,1024,35,0
4.017715215682983,3,1024,36,0
4.017733335494995,3,1024,37,0
4.017817258834839,3,1024,38,0
4.017837285995483,3,1024,39,0
4.017853260040283,3,1024,40,0
4.017869234085083,3,1024,41,0
4.017884254455566,3,1024,42,0
4.017898321151733,3,1024,43,0
4.017914295196533,3,1024,44,0
4.017929315567017,3,1024,45,0
4.0179431438446045,3,1024,46,0
4.0179572105407715,3,1024,47,0
4.0179712772369385,3,1024,48,0
4.017987251281738,3,1024,49,0
4.018001317977905,3,1024,50,0
4.018017053604126,3,1024,51,0
4.0180323123931885,3,1024,52,0
4.018047332763672,3,1024,53,0
4.018064260482788,3,1024,54,0
4.018078327178955,3,1024,55,0
4.018092155456543,3,1024,56,0
4.018109321594238,3,1024,57,0
4.01812219619751,3,1024,58,0
4.018137216567993,3,1024,59,0
4.01815128326416,3,1024,60,0
4.018176078796387,3,1024,61,0
4.01819109916687,3,1024,62,0
4.018206357955933,3,1024,63,0
4.018222093582153,3,1024,64,0
4.018238306045532,3,1024,65,0
4.018254280090332,3,1024,66,0
4.018269300460815,3,1024,67,0
4.018285274505615,3,1024,68,0
4.018300294876099,3,1024,69,0
4.0183141231536865,3,1024,70,0
4.01832914352417,3,1024,71,0
4.018343210220337,3,1024,72,0
4.018359184265137,3,1024,73,0
4.01837420463562,3,1024,74,0
4.01839017868042,3,1024,75,0
4.018405199050903,3,1024,76,0
4.018420219421387,3,1024,77,0
4.01843523979187,3,1024,78,0
4.01845121383667,3,1024,79,0
4.018466234207153,3,1024,80,0
4.01848030090332,3,1024,81,0
4.018494367599487,3,1024,82,0
4.01851224899292,3,1024,83,0
4.0185301303863525,3,1024,84,0
4.0185463428497314,3,1024,85,0
4.018561124801636,3,1024,86,0
4.018576145172119,3,1024,87,0
4.018590211868286,3,1024,88,0
4.018604040145874,3,1024,89,0
4.018618106842041,3,1024,90,0
4.018635034561157,3,1024,91,0
4.0186522006988525,3,1024,92,0
4.018667221069336,3,1024,93,0
4.018681287765503,3,1024,94,0
4.01869535446167,3,1024,95,0
4.018710136413574,3,1024,96,0
4.018724203109741,3,1024,97,0
4.018737316131592,3,1024,98,0
4.018752098083496,3,1024,99,0
4.018766164779663,3,1024,100,0
4.01878023147583,3,1024,101,0
4.018794298171997,3,1024,102,0
4.0188093185424805,3,1024,103,0
4.0188233852386475,3,1024,104,0
4.018837213516235,3,1024,105,0
4.018852233886719,3,1024,106,0
4.018866300582886,3,1024,107,0
4.018879413604736,3,1024,108,0
4.018895149230957,3,1024,109,0
4.020041227340698,3,1024,110,0
4.020194053649902,3,1024,111,0
4.02029013633728,3,1024,112,0
4.020340442657471,3,1024,113,0
4.020406246185303,3,1024,114,0
4.020426034927368,3,1024,115,0
4.020548105239868,3,1024,116,0
4.02056622505188,3,1024,117,0
4.020599126815796,3,1024,118,0
4.020671367645264,3,1024,119,0
4.020724296569824,3,1024,120,0
4.020748138427734,3,1024,121,0
4.020770072937012,3,1024,122,0
4.020787239074707,3,1024,123,0
4.020806312561035,3,1024,124,0
4.020823240280151,3,1024,125,0
4.0208423137664795,3,1024,126,0
4.020860195159912,3,1024,127,0
4.020881175994873,3,1024,128,0
4.0209033489227295,3,1024,129,0
4.020923137664795,3,1024,130,0
4.0209431648254395,3,1024,131,0
4.0209641456604,3,1024,132,0
4.020984172821045,3,1024,133,0
4.021005153656006,3,1024,134,0
4.021024227142334,3,1024,135,0
4.0210442543029785,3,1024,136,0
4.021064281463623,3,1024,137,0
4.021152019500732,3,1024,138,0
4.021174192428589,3,1024,139,0
4.021196126937866,3,1024,140,0
4.021216154098511,3,1024,141,0
4.021236419677734,3,1024,142,0
4.021257400512695,3,1024,143,0
4.021276235580444,3,1024,144,0
4.021296262741089,3,1024,145,0
4.02131724357605,3,1024,146,0
4.021336078643799,3,1024,147,0
4.02135705947876,3,1024,148,0
4.0213782787323,3,1024,149,0
4.021398067474365,3,1024,150,0
4.021419048309326,3,1024,151,0
4.0214362144470215,3,1024,152,0
4.021451234817505,3,1024,153,0
4.021465301513672,3,1024,154,0
4.021481275558472,3,1024,155,0
4.021496057510376,3,1024,156,0
4.021518230438232,3,1024,157,0
4.021534204483032,3,1024,158,0
4.021550178527832,3,1024,159,0
4.021566390991211,3,1024,160,0
4.021583318710327,3,1024,161,0
4.021597385406494,3,1024,162,0
4.021614074707031,3,1024,163,0
4.021632194519043,3,1024,164,0
4.021653175354004,3,1024,165,0
4.021670341491699,3,1024,166,0
4.021687269210815,3,1024,167,0
4.021707057952881,3,1024,168,0
4.02172327041626,3,1024,169,0
4.021737337112427,3,1024,170,0
4.021750211715698,3,1024,171,0
4.021765232086182,3,1024,172,0
4.021832227706909,3,1024,173,0
4.021850109100342,3,1024,174,0
4.021864414215088,3,1024,175,0
4.021879196166992,3,1024,176,0
4.021893262863159,3,1024,177,0
4.021907329559326,3,1024,178,0
4.021921157836914,3,1024,179,0
4.021935224533081,3,1024,180,0
4.021949291229248,3,1024,181,0
4.021963119506836,3,1024,182,0
4.021978139877319,3,1024,183,0
4.021992206573486,3,1024,184,0
4.022006034851074,3,1024,185,0
4.022020101547241,3,1024,186,0
4.022034406661987,3,1024,187,0
4.022051095962524,3,1024,188,0
4.022065162658691,3,1024,189,0
4.0221192836761475,3,1024,190,0
4.022162199020386,3,1024,191,0
4.022231101989746,3,1024,192,0
4.022249221801758,3,1024,193,0
4.022264242172241,3,1024,194,0
4.022278308868408,3,1024,195,0
4.02231502532959,3,1024,196,0
4.022426128387451,3,1024,197,0
4.022492170333862,3,1024,198,0
4.022513151168823,3,1024,199,0
4.026867389678955,2,512,288,0
4.026924133300781,2,512,289,0
4.028142213821411,3,1024,200,0
4.030677080154419,1,1024,474,0
4.030715227127075,1,1024,475,0
4.031951189041138,3,1024,201,0
4.039521217346191,3,1024,202,0
4.042046308517456,3,1024,203,0
4.043319225311279,2,512,290,0
4.047184228897095,2,512,291,0
4.052236080169678,3,1024,204,0
4.052302122116089,3,1024,205,0
4.054794073104858,1,1024,476,0
4.054845333099365,1,1024,477,0
4.062372207641602,3,1024,206,0
4.06363320350647,3,1024,207,0
4.068689346313477,2,512,292,0
4.068740129470825,2,512,293,0
4.073729038238525,3,1024,208,0
4.073772192001343,1,1024,478,0
4.073789358139038,3,1024,209,0
4.073805093765259,1,1024,479,0
4.0838541984558105,3,1024,210,0
4.083905220031738,3,1024,211,0
4.090172290802002,2,512,294,0
4.090217351913452,2,512,295,0
4.093949317932129,3,1024,212,0
4.093985080718994,3,1024,213,0
4.097677230834961,1,1024,480,0
4.0977113246917725,1,1024,481,0
4.105177164077759,3,1024,214,0
4.105229139328003,3,1024,215,0
4.110104084014893,2,512,296,0
4.110157251358032,2,512,297,0
4.116445302963257,3,1024,216,0
4.116493225097656,1,1024,482,0
4.116511344909668,3,1024,217,0
4.117730140686035,1,1024,483,0
4.126583099365234,3,1024,218,0
4.126641273498535,3,1024,219,0
4.130397319793701,2,512,298,0
4.130442142486572,2,512,299,0
4.136774301528931,1,1024,484,0
4.138050079345703,1,1024,485,0
4.138103246688843,3,1024,220,0
4.138122081756592,3,1024,221,0
4.1481101512908936,3,1024,222,0
4.148182153701782,3,1024,223,0
4.151939153671265,2,512,300,0
4.152026176452637,2,512,301,0
4.158318281173706,1,1024,486,0
4.158367395401001,1,1024,487,0
4.1608781814575195,3,1024,224,0
4.160917043685913,3,1024,225,0
4.168536186218262,3,1024,226,0
4.171069383621216,3,1024,227,0
4.174858093261719,2,512,302,0
4.174906253814697,2,512,303,0
4.1811723709106445,3,1024,228,0
4.1812121868133545,3,1024,229,0
4.182440280914307,1,1024,488,0
4.182458162307739,1,1024,489,0
4.193758249282837,3,1024,230,0
4.19379734992981,3,1024,231,0
4.195033311843872,2,512,304,0
4.195061206817627,2,512,305,0
4.201325178146362,3,1024,232,0
4.202616214752197,1,1024,490,0
4.202639102935791,1,1024,491,0
4.203884124755859,3,1024,233,0
4.2126781940460205,3,1024,234,0
4.2139551639556885,3,1024,235,0
4.215217351913452,2,512,306,0
4.215235233306885,2,512,307,0
4.225296258926392,3,1024,236,0
4.225341320037842,3,1024,237,0
4.227819204330444,1,1024,492,0
4.22783637046814,1,1024,493,0
4.235388278961182,3,1024,238,0
4.235412359237671,3,1024,239,0
4.239175319671631,2,512,308,0
4.239195346832275,2,512,309,0
4.244225025177002,1,1024,494,0
4.248005151748657,3,1024,240,0
4.24802303314209,1,1024,495,0
4.248037338256836,3,1024,241,0
4.258016109466553,3,1024,242,0
4.258044242858887,3,1024,243,0
4.259303331375122,2,512,310,0
4.259322166442871,2,512,311,0
4.2681190967559814,1,1024,496,0
4.268138408660889,1,1024,497,0
4.268153190612793,3,1024,244,0
4.268170118331909,3,1024,245,0
4.2794554233551025,3,1024,246,0
4.279479265213013,3,1024,247,0
4.281984090805054,2,512,312,0
4.282004356384277,2,512,313,0
4.288286209106445,1,1024,498,0
4.288307428359985,1,1024,499,0
4.289555311203003,3,1024,248,0
4.290826082229614,3,1024,249,0
4.302162170410156,3,1024,250,0
4.302188158035278,2,512,314,0
4.3022072315216064,3,1024,251,0
4.302225351333618,2,512,315,0
4.309717178344727,1,1024,500,0
4.309742212295532,3,1024,252,0
4.3097593784332275,1,1024,501,0
4.312246084213257,3,1024,253,0
4.32105016708374,3,1024,254,0
4.322326183319092,3,1024,255,0
4.323588132858276,2,512,316,0
4.323606014251709,2,512,317,0
4.332394361495972,3,1024,256,0
4.33241605758667,1,1024,502,0
4.332430124282837,1,1024,503,0
4.3324480056762695,3,1024,257,0
4.342303276062012,3,1024,258,0
4.342336177825928,3,1024,259,0
4.343565225601196,2,512,318,0
4.3435893058776855,2,512,319,0
4.351133346557617,1,1024,504,0
4.352398157119751,1,1024,505,0
4.354950189590454,3,1024,260,0
4.35499119758606,3,1024,261,0
4.3650031089782715,3,1024,262,0
4.365047216415405,3,1024,263,0
4.365069150924683,2,512,320,0
4.365088224411011,2,512,321,0
4.373836040496826,1,1024,506,0
4.373862266540527,1,1024,507,0
4.3763651847839355,3,1024,264,0
4.37638521194458,3,1024,265,0
4.3876941204071045,3,1024,266,0
4.387715101242065,2,512,322,0
4.387732267379761,3,1024,267,0
4.3877551555633545,2,512,323,0
4.394018173217773,1,1024,508,0
4.394038200378418,1,1024,509,0
4.39906120300293,3,1024,268,0
4.399081230163574,3,1024,269,0
4.407865285873413,3,1024,270,0
4.409158229827881,3,1024,271,0
4.410402059555054,2,512,324,0
4.410422086715698,2,512,325,0
4.414184331893921,1,1024,510,0
4.414204359054565,1,1024,511,0
4.419230222702026,3,1024,272,0
4.419255256652832,3,1024,273,0
4.429307222366333,3,1024,274,0
4.42932915687561,3,1024,275,0
4.430578231811523,2,512,326,0
4.430598258972168,2,512,327,0
4.4343602657318115,1,1024,512,0
4.434382200241089,1,1024,513,0
4.440660238265991,3,1024,276,0
4.440685272216797,3,1024,277,0
4.450668096542358,2,512,328,0
4.450688123703003,2,512,329,0
4.450705289840698,3,1024,278,0
4.450721025466919,3,1024,279,0
4.454509258270264,1,1024,514,0
4.454527378082275,1,1024,515,0
4.463361024856567,3,1024,280,0
4.463388204574585,3,1024,281,0
4.472132205963135,2,512,330,0
4.472155332565308,2,512,331,0
4.472170352935791,3,1024,282,0
4.4734063148498535,3,1024,283,0
4.475930213928223,1,1024,516,0
4.475949048995972,1,1024,517,0
4.482230186462402,3,1024,284,0
4.4834911823272705,3,1024,285,0
4.4922990798950195,2,512,332,0
4.4923200607299805,2,512,333,0
4.493572235107422,3,1024,286,0
4.493591070175171,3,1024,287,0
4.4986701011657715,1,1024,518,0
4.498700141906738,1,1024,519,0
4.506287097930908,3,1024,288,0
4.506312370300293,3,1024,289,0
4.516441106796265,1,1024,520,0
4.516476154327393,3,1024,290,0
4.516502141952515,2,512,334,0
4.51651930809021,2,512,335,0
4.516538143157959,3,1024,291,0
4.5189971923828125,1,1024,521,0
4.527912378311157,3,1024,292,0
4.527934312820435,3,1024,293,0
4.535567283630371,2,512,336,0
4.5355870723724365,2,512,337,0
4.53691029548645,3,1024,294,0
4.53694224357605,1,1024,522,0
4.539499044418335,3,1024,295,0
4.5395283699035645,1,1024,523,0
4.548396110534668,3,1024,296,0
4.54841423034668,3,1024,297,0
4.561179161071777,2,512,338,0
4.561225414276123,3,1024,298,0
4.561249017715454,3,1024,299,0
4.561268329620361,2,512,339,0
4.561286211013794,1,1024,524,0
4.561304092407227,1,1024,525,0
4.570163249969482,3,1024,300,0
4.5714380741119385,3,1024,301,0
4.577850341796875,2,512,340,0
4.581660270690918,2,512,341,0
4.581681251525879,3,1024,302,0
4.581700325012207,3,1024,303,0
4.58428430557251,1,1024,526,0
4.584318399429321,1,1024,527,0
4.591913223266602,3,1024,304,0
4.59321928024292,3,1024,305,0
4.600839376449585,2,512,342,0
4.602140188217163,2,512,343,0
4.603406190872192,3,1024,306,0
4.603444337844849,1,1024,528,0
4.603470087051392,3,1024,307,0
4.603494167327881,1,1024,529,0
4.614942312240601,3,1024,308,0
4.614972352981567,3,1024,309,0
4.621333122253418,2,512,344,0
4.621372222900391,2,512,345,0
4.625202178955078,3,1024,310,0
4.625229120254517,3,1024,311,0
4.627782344818115,1,1024,530,0
4.627809047698975,1,1024,531,0
4.63668417930603,3,1024,312,0
4.636730194091797,3,1024,313,0
4.6468892097473145,2,512,346,0
4.646938323974609,3,1024,314,0
4.646962404251099,1,1024,532,0
4.646988153457642,2,512,347,0
4.647014141082764,3,1024,315,0
4.648228168487549,1,1024,533,0
4.659732341766357,3,1024,316,0
4.659768104553223,3,1024,317,0
4.664859294891357,2,512,348,0
4.667438268661499,2,512,349,0
4.667470216751099,3,1024,318,0
4.667496204376221,1,1024,534,0
4.668753147125244,1,1024,535,0
4.670021295547485,3,1024,319,0
4.677658319473267,3,1024,320,0
4.680237054824829,3,1024,321,0
4.687879323959351,2,512,350,0
4.687913417816162,2,512,351,0
4.687942266464233,3,1024,322,0
4.690457105636597,1,1024,536,0
4.690503358840942,1,1024,537,0
4.690537214279175,3,1024,323,0
4.699393033981323,3,1024,324,0
4.700655221939087,3,1024,325,0
4.709616184234619,3,1024,326,0
4.709657192230225,2,512,352,0
4.709691286087036,2,512,353,0
4.709725379943848,1,1024,538,0
4.711000204086304,1,1024,539,0
4.712314128875732,3,1024,327,0
4.719965219497681,3,1024,328,0
4.722525358200073,3,1024,329,0
4.730149269104004,3,1024,330,0
4.7302162647247314,2,512,354,0
4.730276107788086,2,512,355,0
4.73151421546936,1,1024,540,0
4.731563091278076,1,1024,541,0
4.73282527923584,3,1024,331,0
4.741795301437378,3,1024,332,0
4.743069410324097,3,1024,333,0
4.7531232833862305,3,1024,334,0
4.7533183097839355,3,1024,335,0
4.754436254501343,2,512,356,0
4.754502296447754,1,1024,542,0
4.754546403884888,2,512,357,0
4.754592180252075,1,1024,543,0
4.764447450637817,3,1024,336,0
4.764573335647583,3,1024,337,0
4.7708892822265625,2,512,358,0
4.774714231491089,1,1024,544,0
4.774844169616699,1,1024,545,0
4.774914264678955,2,512,359,0
4.774968147277832,3,1024,338,0
4.7750163078308105,3,1024,339,0
4.787470102310181,3,1024,340,0
4.787825345993042,3,1024,341,0
4.792557239532471,2,512,360,0
4.796453237533569,2,512,361,0
4.796625375747681,1,1024,546,0
4.796732187271118,1,1024,547,0
4.797809362411499,3,1024,342,0
4.7978973388671875,3,1024,343,0
4.809332370758057,3,1024,344,0
4.8094871044158936,3,1024,345,0
4.81448221206665,2,512,362,0
4.814579248428345,1,1024,548,0
4.815794229507446,2,512,363,0
4.8171141147613525,1,1024,549,0
4.819713115692139,3,1024,346,0
4.8198182582855225,3,1024,347,0
4.832405090332031,3,1024,348,0
4.832613229751587,3,1024,349,0
4.837581157684326,2,512,364,0
4.837869167327881,2,512,365,0
4.83907413482666,1,1024,550,0
4.839241981506348,1,1024,551,0
4.841740131378174,3,1024,350,0
4.8420562744140625,3,1024,351,0
4.854461193084717,3,1024,352,0
4.854522228240967,3,1024,353,0
4.8584723472595215,2,512,366,0
4.8586790561676025,2,512,367,0
4.861083269119263,1,1024,552,0
4.861199140548706,1,1024,553,0
4.864976167678833,3,1024,354,0
4.86515212059021,3,1024,355,0
4.876264333724976,3,1024,356,0
4.876439094543457,3,1024,357,0
4.878835201263428,1,1024,554,0
4.881359100341797,1,1024,555,0
4.882649183273315,2,512,368,0
4.882715225219727,2,512,369,0
4.885238170623779,3,1024,358,0
4.886551141738892,3,1024,359,0
4.898045301437378,3,1024,360,0
4.898195266723633,3,1024,361,0
4.899350166320801,2,512,370,0
4.9030022621154785,2,512,371,0
4.904284238815308,1,1024,556,0
4.904357194900513,1,1024,557,0
4.908020257949829,3,1024,362,0
4.908091306686401,3,1024,363,0
4.919431209564209,3,1024,364,0
4.919581413269043,3,1024,365,0
4.922075271606445,2,512,372,0
4.92336106300354,2,512,373,0
4.924658298492432,1,1024,558,0
4.924738168716431,1,1024,559,0
4.931071996688843,3,1024,366,0
4.931231260299683,3,1024,367,0
4.940982103347778,3,1024,368,0
4.94127631187439,3,1024,369,0
4.946375370025635,2,512,374,0
4.946819067001343,2,512,375,0
4.946966171264648,1,1024,560,0
4.947096109390259,1,1024,561,0
4.953970193862915,3,1024,370,0
4.954168081283569,3,1024,371,0
4.962940216064453,3,1024,372,0
4.9641242027282715,3,1024,373,0
4.967998266220093,1,1024,562,0
4.968152284622192,2,512,376,0
4.968226194381714,2,512,377,0
4.968280076980591,1,1024,563,0
4.974294185638428,3,1024,374,0
4.974506378173828,3,1024,375,0
4.986999034881592,3,1024,376,0
4.987413167953491,3,1024,377,0
4.992192029953003,2,512,378,0
4.992412328720093,2,512,379,0
4.992528200149536,1,1024,564,0
4.992626190185547,1,1024,565,0
4.994986295700073,3,1024,378,0
4.998039245605469,3,1024,379,0
5.005781173706055,3,1024,380,0
5.007073163986206,3,1024,381,0
5.00960636138916,2,512,380,0
5.012197256088257,1,1024,566,0
5.012341022491455,1,1024,567,0
5.012440204620361,2,512,381,0
5.0173890590667725,3,1024,382,0
5.017474174499512,3,1024,383,0
5.0275702476501465,3,1024,384,0
5.027669191360474,3,1024,385,0
5.033943176269531,1,1024,568,0
5.0340352058410645,1,1024,569,0
5.034088373184204,2,512,382,0
5.034134149551392,2,512,383,0
5.040302276611328,3,1024,386,0
5.0405213832855225,3,1024,387,0
5.04943323135376,3,1024,388,0
5.049655199050903,3,1024,389,0
5.054612398147583,2,512,384,0
5.054823398590088,2,512,385,0
5.055970191955566,1,1024,570,0
5.056106328964233,1,1024,571,0
5.061167240142822,3,1024,390,0
5.061329364776611,3,1024,391,0
5.072710275650024,3,1024,392,0
5.072906017303467,3,1024,393,0
5.075302362442017,2,512,386,0
5.075427293777466,2,512,387,0
5.076614141464233,1,1024,572,0
5.076699256896973,1,1024,573,0
5.081799268722534,3,1024,394,0
5.083116054534912,3,1024,395,0
5.0946900844573975,3,1024,396,0
5.094905138015747,3,1024,397,0
5.099888324737549,2,512,388,0
5.100102186203003,1,1024,574,0
5.100225210189819,2,512,389,0
5.1003172397613525,1,1024,575,0
5.103822231292725,3,1024,398,0
5.105081081390381,3,1024,399,0
5.115243196487427,3,1024,400,0
5.1154444217681885,3,1024,401,0
5.119206190109253,2,512,390,0
5.12052321434021,2,512,391,0
5.120687246322632,1,1024,576,0
5.120797395706177,1,1024,577,0
5.126985311508179,3,1024,402,0
5.127119302749634,3,1024,403,0
5.1371331214904785,3,1024,404,0
5.138352155685425,3,1024,405,0
5.142208099365234,2,512,392,0
5.142415285110474,2,512,393,0
5.144928216934204,1,1024,578,0
5.145042181015015,1,1024,579,0
5.147581338882446,3,1024,406,0
5.14769721031189,3,1024,407,0
5.160245180130005,3,1024,408,0
5.160288095474243,3,1024,409,0
5.165401220321655,1,1024,580,0
5.1654372215271,2,512,394,0
5.165470361709595,1,1024,581,0
5.165500164031982,2,512,395,0
5.169323205947876,3,1024,410,0
5.1706202030181885,3,1024,411,0
5.179559230804443,3,1024,412,0
5.180837154388428,3,1024,413,0
5.187243223190308,2,512,396,0
5.187289237976074,2,512,397,0
5.189847230911255,1,1024,582,0
5.189922094345093,1,1024,583,0
5.191164255142212,3,1024,414,0
5.191209316253662,3,1024,415,0
5.202562093734741,3,1024,416,0
5.202604055404663,3,1024,417,0
5.205134153366089,1,1024,584,0
5.208942174911499,2,512,398,0
5.208988189697266,2,512,399,0
5.209026098251343,1,1024,585,0
5.2115702629089355,3,1024,418,0
5.212857246398926,3,1024,419,0
5.2229602336883545,3,1024,420,0
5.223020076751709,3,1024,421,0
5.229284286499023,1,1024,586,0
5.2293171882629395,1,1024,587,0
5.229347229003906,2,512,400,0
5.2293782234191895,2,512,401,0
5.233193397521973,3,1024,422,0
5.234483242034912,3,1024,423,0
5.243316411972046,3,1024,424,0
5.243452310562134,3,1024,425,0
5.249680280685425,1,1024,588,0
5.2497522830963135,1,1024,589,0
5.251004219055176,2,512,402,0
5.251047372817993,2,512,403,0
5.256099224090576,3,1024,426,0
5.256141185760498,3,1024,427,0
5.264912128448486,3,1024,428,0
5.266179084777832,3,1024,429,0
5.2712624073028564,1,1024,590,0
5.271316289901733,1,1024,591,0
5.271348237991333,2,512,404,0
5.271377325057983,2,512,405,0
5.276360273361206,3,1024,430,0
5.276392221450806,3,1024,431,0
5.286454200744629,3,1024,432,0
5.286483287811279,3,1024,433,0
5.292774200439453,1,1024,592,0
5.292800188064575,1,1024,593,0
5.2941272258758545,2,512,406,0
5.29415225982666,2,512,407,0
5.297920227050781,3,1024,434,0
5.29794716835022,3,1024,435,0
5.30902624130249,3,1024,436,0
5.309053182601929,3,1024,437,0
5.311558246612549,1,1024,594,0
5.3128650188446045,2,512,408,0
5.314119338989258,1,1024,595,0
5.314145088195801,2,512,409,0
5.319152355194092,3,1024,438,0
5.3191962242126465,3,1024,439,0
5.329254150390625,3,1024,440,0
5.32930326461792,3,1024,441,0
5.333056211471558,2,512,410,0
5.3343212604522705,2,512,411,0
5.3355982303619385,1,1024,596,0
5.33566427230835,1,1024,597,0
5.340691328048706,3,1024,442,0
5.340720176696777,3,1024,443,0
5.350839138031006,3,1024,444,0
5.350902080535889,3,1024,445,0
5.353325128555298,2,512,412,0
5.354574203491211,2,512,413,0
5.35840630531311,1,1024,598,0
5.358436107635498,1,1024,599,0
5.362231254577637,3,1024,446,0
5.362258195877075,3,1024,447,0
5.373678207397461,2,512,414,0
5.373721122741699,3,1024,448,0
5.373751163482666,3,1024,449,0
5.374963283538818,2,512,415,0
5.378772258758545,1,1024,600,0
5.378807067871094,1,1024,601,0
5.385177135467529,3,1024,450,0
5.3852081298828125,3,1024,451,0
5.393973112106323,3,1024,452,0
5.395247220993042,3,1024,453,0
5.396534204483032,2,512,416,0
5.396573305130005,2,512,417,0
5.399115085601807,1,1024,602,0
5.399147033691406,1,1024,603,0
5.405465126037598,3,1024,454,0
5.405496120452881,3,1024,455,0
5.418135166168213,3,1024,456,0
5.418185234069824,3,1024,457,0
5.419312238693237,1,1024,604,0
5.419347286224365,2,512,418,0
5.4193761348724365,1,1024,605,0
5.419401407241821,2,512,419,0
5.426947116851807,3,1024,458,0
5.428203105926514,3,1024,459,0
5.439600229263306,3,1024,460,0
5.439683198928833,3,1024,461,0
5.440892219543457,1,1024,606,0
5.440931081771851,1,1024,607,0
5.440958261489868,2,512,420,0
5.44098424911499,2,512,421,0
5.449721097946167,3,1024,462,0
5.4497761726379395,3,1024,463,0
5.462077379226685,3,1024,464,0
5.462128162384033,3,1024,465,0
5.464599132537842,2,512,422,0
5.464626312255859,2,512,423,0
5.464644193649292,1,1024,608,0
5.46466326713562,1,1024,609,0
5.472209215164185,3,1024,466,0
5.4722580909729,3,1024,467,0
5.482154369354248,1,1024,610,0
5.483418226242065,3,1024,468,0
5.483447074890137,3,1024,469,0
5.483466148376465,2,512,424,0
5.484690189361572,2,512,425,0
5.485962152481079,1,1024,611,0
5.49357008934021,3,1024,470,0
5.493608236312866,3,1024,471,0
5.503644227981567,3,1024,472,0
5.504970073699951,3,1024,473,0
5.5062501430511475,2,512,426,0
5.50628924369812,2,512,427,0
5.506309270858765,1,1024,612,0
5.506324291229248,1,1024,613,0
5.514948129653931,3,1024,474,0
5.51500129699707,3,1024,475,0
5.5262651443481445,3,1024,476,0
5.526307106018066,3,1024,477,0
5.53005313873291,1,1024,614,0
5.530084133148193,2,512,428,0
5.530107259750366,1,1024,615,0
5.530128240585327,2,512,429,0
5.535098314285278,3,1024,478,0
5.53761625289917,3,1024,479,0
5.546438217163086,1,1024,616,0
5.546460390090942,3,1024,480,0
5.54770040512085,3,1024,481,0
5.55022120475769,2,512,430,0
5.55024528503418,2,512,431,0
5.550263166427612,1,1024,617,0
5.558912038803101,3,1024,482,0
5.558937311172485,3,1024,483,0
5.5664801597595215,1,1024,618,0
5.570339202880859,3,1024,484,0
5.570382118225098,3,1024,485,0
5.571545124053955,1,1024,619,0
5.571566104888916,2,512,432,0
5.571583271026611,2,512,433,0
5.5803542137146,3,1024,486,0
5.580400228500366,3,1024,487,0
5.586772441864014,1,1024,620,0
5.591838359832764,1,1024,621,0
5.591881990432739,3,1024,488,0
5.591904163360596,3,1024,489,0
5.593104124069214,2,512,434,0
5.59312629699707,2,512,435,0
5.6019182205200195,3,1024,490,0
5.601961374282837,3,1024,491,0
5.606961250305176,1,1024,622,0
5.611999273300171,1,1024,623,0
5.613266229629517,3,1024,492,0
5.613293170928955,2,512,436,0
5.613312005996704,3,1024,493,0
5.613330364227295,2,512,437,0
5.624647378921509,3,1024,494,0
5.624705076217651,3,1024,495,0
5.627182245254517,1,1024,624,0
5.632227182388306,1,1024,625,0
5.634759187698364,3,1024,496,0
5.63480019569397,3,1024,497,0
5.637214422225952,2,512,438,0
5.63725733757019,2,512,439,0
5.645958185195923,3,1024,498,0
5.646003246307373,3,1024,499,0
5.649745225906372,1,1024,626,0
5.653531312942505,1,1024,627,0
5.655915021896362,3,1024,500,0
5.655938148498535,3,1024,501,0
5.657192230224609,2,512,440,0
5.657209157943726,2,512,441,0
5.665898323059082,3,1024,502,0
5.667160272598267,3,1024,503,0
5.67094612121582,1,1024,628,0
5.673482179641724,1,1024,629,0
5.677158355712891,2,512,442,0
5.677176237106323,2,512,443,0
5.678429365158081,3,1024,504,0
5.678447246551514,3,1024,505,0
5.6872053146362305,3,1024,506,0
5.688483238220215,3,1024,507,0
5.692260265350342,1,1024,630,0
5.69352126121521,1,1024,631,0
5.698476076126099,3,1024,508,0
5.698496103286743,3,1024,509,0
5.70226526260376,2,512,444,0
5.702284097671509,2,512,445,0
5.708564281463623,3,1024,510,0
5.708583354949951,3,1024,511,0
5.7123494148254395,1,1024,632,0
5.714873313903809,1,1024,633,0
5.7199013233184814,3,1024,512,0
5.719923257827759,3,1024,513,0
5.721184015274048,2,512,446,0
5.722450256347656,2,512,447,0
5.731261253356934,3,1024,514,0
5.731280326843262,3,1024,515,0
5.737554311752319,1,1024,634,0
5.73757529258728,1,1024,635,0
5.741346120834351,3,1024,516,0
5.7413671016693115,3,1024,517,0
5.742623329162598,2,512,448,0
5.742643356323242,2,512,449,0
5.753891229629517,3,1024,518,0
5.753911256790161,3,1024,519,0
5.758931398391724,1,1024,636,0
5.758952379226685,1,1024,637,0
5.761455297470093,3,1024,520,0
5.763980150222778,2,512,450,0
5.764000177383423,2,512,451,0
5.764019250869751,3,1024,521,0
5.772798299789429,3,1024,522,0
5.774064302444458,3,1024,523,0
5.780148267745972,1,1024,638,0
5.780170202255249,1,1024,639,0
5.785207033157349,3,1024,524,0
5.785236358642578,3,1024,525,0
5.786470174789429,2,512,452,0
5.786487102508545,2,512,453,0
5.795304298400879,3,1024,526,0
5.796571254730225,3,1024,527,0
5.800258159637451,1,1024,640,0
5.8015313148498535,1,1024,641,0
5.806576251983643,3,1024,528,0
5.806607246398926,3,1024,529,0
5.817883253097534,3,1024,530,0
5.817902088165283,3,1024,531,0
5.821514129638672,1,1024,642,0
5.821540117263794,1,1024,643,0
5.829113245010376,3,1024,532,0
5.829144239425659,3,1024,533,0
5.839219331741333,3,1024,534,0
5.83924412727356,3,1024,535,0
5.842952251434326,1,1024,644,0
5.842979192733765,1,1024,645,0
5.850505352020264,3,1024,536,0
5.850528001785278,3,1024,537,0
5.859313249588013,3,1024,538,0
5.860579252243042,3,1024,539,0
5.861845016479492,1,1024,646,0
5.863110303878784,1,1024,647,0
5.869401216506958,3,1024,540,0
5.8705153465271,3,1024,541,0
5.880593299865723,3,1024,542,0
5.880613327026367,3,1024,543,0
5.885634183883667,1,1024,648,0
5.885661363601685,1,1024,649,0
5.891939163208008,3,1024,544,0
5.891962289810181,3,1024,545,0
5.901763200759888,3,1024,546,0
5.903069257736206,3,1024,547,0
5.9043052196502686,1,1024,650,0
5.906828165054321,1,1024,651,0
5.914367437362671,3,1024,548,0
5.9143900871276855,3,1024,549,0
5.924350261688232,3,1024,550,0
5.9243762493133545,1,1024,652,0
5.925629377365112,3,1024,551,0
5.9281532764434814,1,1024,653,0
5.9357030391693115,3,1024,552,0
5.935724258422852,3,1024,553,0
5.94575834274292,1,1024,654,0
5.945780992507935,3,1024,554,0
5.945799350738525,3,1024,555,0
5.948293209075928,1,1024,655,0
5.957097291946411,3,1024,556,0
5.957118272781372,3,1024,557,0
5.968423366546631,3,1024,558,0
5.9684412479400635,3,1024,559,0
5.969688177108765,1,1024,656,0
5.969712257385254,1,1024,657,0
5.979770183563232,3,1024,560,0
5.979791164398193,3,1024,561,0
5.98858642578125,1,1024,658,0
5.9898521900177,1,1024,659,0
5.989873170852661,3,1024,562,0
5.989890098571777,3,1024,563,0
6.002438306808472,3,1024,564,0
6.002456188201904,3,1024,565,0
6.008732318878174,1,1024,660,0
6.009998083114624,1,1024,661,0
6.010017156600952,3,1024,566,0
6.012527227401733,3,1024,567,0
6.0225913524627686,3,1024,568,0
6.022614240646362,3,1024,569,0
6.032658338546753,1,1024,662,0
6.03268027305603,1,1024,663,0
6.035189151763916,3,1024,570,0
6.035208225250244,3,1024,571,0
6.043993234634399,3,1024,572,0
6.045257329940796,3,1024,573,0
6.052694082260132,1,1024,664,0
6.052721261978149,1,1024,665,0
6.055227279663086,3,1024,574,0
6.0552473068237305,3,1024,575,0
6.065298318862915,3,1024,576,0
6.065321445465088,3,1024,577,0
6.077936172485352,1,1024,666,0
6.07795524597168,1,1024,667,0
6.0780370235443115,3,1024,578,0
6.078054189682007,3,1024,579,0
6.086865186691284,3,1024,580,0
6.088187217712402,3,1024,581,0
6.097060203552246,1,1024,668,0
6.097079038619995,1,1024,669,0
6.0983381271362305,3,1024,582,0
6.098357200622559,3,1024,583,0
6.1109302043914795,3,1024,584,0
6.11095929145813,3,1024,585,0
6.119792222976685,3,1024,586,0
6.120052337646484,1,1024,670,0
6.120075225830078,1,1024,671,0
6.121101140975952,3,1024,587,0
6.129929304122925,3,1024,588,0
6.1311891078948975,3,1024,589,0
6.14119815826416,1,1024,672,0
6.141257286071777,1,1024,673,0
6.141278266906738,3,1024,590,0
6.141296148300171,3,1024,591,0
6.15250039100647,3,1024,592,0
6.15252423286438,3,1024,593,0
6.16252326965332,3,1024,594,0
6.16378927230835,3,1024,595,0
6.165056228637695,1,1024,674,0
6.165075302124023,1,1024,675,0
6.17261004447937,3,1024,596,0
6.173874378204346,3,1024,597,0
6.181427240371704,1,1024,676,0
6.1852052211761475,1,1024,677,0
6.185225248336792,3,1024,598,0
6.185242176055908,3,1024,599,0
6.195279121398926,3,1024,600,0
6.195314168930054,3,1024,601,0
6.201582193374634,1,1024,678,0
6.206627130508423,1,1024,679,0
6.2066521644592285,3,1024,602,0
6.2066731452941895,3,1024,603,0
6.215461254119873,3,1024,604,0
6.217990159988403,3,1024,605,0
6.223037242889404,1,1024,680,0
6.226818084716797,3,1024,606,0
6.228085041046143,1,1024,681,0
6.22810435295105,3,1024,607,0
6.238258361816406,3,1024,608,0
6.238296270370483,3,1024,609,0
6.245918273925781,1,1024,682,0
6.2485032081604,1,1024,683,0
6.249819278717041,3,1024,610,0
6.249844312667847,3,1024,611,0
6.260059356689453,3,1024,612,0
6.260077238082886,3,1024,613,0
6.267699241638184,1,1024,684,0
6.268954277038574,1,1024,685,0
6.27023720741272,3,1024,614,0
6.271495342254639,3,1024,615,0
6.282957077026367,3,1024,616,0
6.28298807144165,3,1024,617,0
6.288126230239868,1,1024,686,0
6.289419174194336,1,1024,687,0
6.293268442153931,3,1024,618,0
6.293298244476318,3,1024,619,0
6.304742336273193,3,1024,620,0
6.304764270782471,3,1024,621,0
6.31236720085144,1,1024,688,0
6.312401294708252,1,1024,689,0
6.313669204711914,3,1024,622,0
6.314929246902466,3,1024,623,0
6.324957370758057,3,1024,624,0
6.3250041007995605,3,1024,625,0
6.330078363418579,1,1024,690,0
6.332620143890381,1,1024,691,0
6.336425304412842,3,1024,626,0
6.336463212966919,3,1024,627,0
6.346606254577637,3,1024,628,0
6.346635103225708,3,1024,629,0
6.352953195571899,1,1024,692,0
6.352979421615601,1,1024,693,0
6.359331130981445,3,1024,630,0
6.359366178512573,3,1024,631,0
6.3682732582092285,3,1024,632,0
6.36958909034729,3,1024,633,0
6.374718427658081,1,1024,694,0
6.374748229980469,1,1024,695,0
6.381078243255615,3,1024,634,0
6.381110191345215,3,1024,635,0
6.389932155609131,3,1024,636,0
6.392421245574951,3,1024,637,0
6.3974714279174805,1,1024,696,0
6.397505044937134,1,1024,697,0
6.40130615234375,3,1024,638,0
6.401344060897827,3,1024,639,0
6.414011240005493,3,1024,640,0
6.414045333862305,3,1024,641,0
6.41530442237854,1,1024,698,0
6.419150114059448,1,1024,699,0
6.422986030578613,3,1024,642,0
6.424273252487183,3,1024,643,0
6.434450387954712,3,1024,644,0
6.434491157531738,3,1024,645,0
6.437078237533569,1,1024,700,0
6.4383461475372314,1,1024,701,0
6.446012258529663,3,1024,646,0
6.446052312850952,3,1024,647,0
6.456265211105347,3,1024,648,0
6.457582235336304,3,1024,649,0
6.4576451778411865,1,1024,702,0
6.458890199661255,1,1024,703,0
6.467594146728516,3,1024,650,0
6.4676454067230225,3,1024,651,0
6.479116201400757,3,1024,652,0
6.479304313659668,3,1024,653,0
6.481726408004761,1,1024,704,0
6.481784105300903,1,1024,705,0
6.48930025100708,3,1024,654,0
6.489457368850708,3,1024,655,0
6.499593257904053,3,1024,656,0
6.4998064041137695,3,1024,657,0
6.504538297653198,1,1024,706,0
6.504632234573364,1,1024,707,0
6.51203727722168,3,1024,658,0
6.512180328369141,3,1024,659,0
6.519785404205322,3,1024,660,0
6.522248268127441,3,1024,661,0
6.523528337478638,1,1024,708,0
6.524836301803589,1,1024,709,0
6.532526254653931,3,1024,662,0
6.532701253890991,3,1024,663,0
6.54409122467041,3,1024,664,0
6.544321060180664,3,1024,665,0
6.545342206954956,1,1024,710,0
6.545509338378906,1,1024,711,0
6.5532801151275635,3,1024,666,0
6.553799390792847,3,1024,667,0
6.566247224807739,3,1024,668,0
6.566424131393433,3,1024,669,0
6.568873405456543,1,1024,712,0
6.569011211395264,1,1024,713,0
6.575396299362183,3,1024,670,0
6.576651096343994,3,1024,671,0
6.585609436035156,3,1024,672,0
6.585776329040527,1,1024,714,0
6.5870702266693115,3,1024,673,0
6.589646100997925,1,1024,715,0
6.597436189651489,3,1024,674,0
6.5978240966796875,3,1024,675,0
6.609035015106201,1,1024,716,0
6.610352277755737,3,1024,676,0
6.610499143600464,3,1024,677,0
6.610647201538086,1,1024,717,0
6.61936616897583,3,1024,678,0
6.6195151805877686,3,1024,679,0
6.629692316055298,1,1024,718,0
6.6309943199157715,3,1024,680,0
6.631152153015137,3,1024,681,0
6.631267070770264,1,1024,719,0
6.6424572467803955,3,1024,682,0
6.6426544189453125,3,1024,683,0
6.652734279632568,3,1024,684,0
6.652953147888184,3,1024,685,0
6.6540820598602295,1,1024,720,0
6.654229164123535,1,1024,721,0
6.665602207183838,3,1024,686,0
6.665771007537842,3,1024,687,0
6.674610376358032,3,1024,688,0
6.675880193710327,1,1024,722,0
6.675970077514648,1,1024,723,0
6.676028251647949,3,1024,689,0
6.684852361679077,3,1024,690,0
6.686075210571289,3,1024,691,0
6.696341037750244,3,1024,692,0
6.696544170379639,3,1024,693,0
6.698789119720459,1,1024,724,0
6.6989521980285645,1,1024,725,0
6.705305099487305,3,1024,694,0
6.70545220375061,3,1024,695,0
6.718099355697632,3,1024,696,0
6.718263149261475,3,1024,697,0
6.719358205795288,1,1024,726,0
6.719520092010498,1,1024,727,0
6.7283782958984375,3,1024,698,0
6.728543996810913,3,1024,699,0
6.740918159484863,3,1024,700,0
6.741137266159058,3,1024,701,0
6.7412590980529785,1,1024,728,0
6.741361379623413,1,1024,729,0
6.750860214233398,3,1024,702,0
6.751081228256226,3,1024,703,0
6.762393236160278,1,1024,730,0
6.762583255767822,3,1024,704,0
6.762699127197266,3,1024,705,0
6.7627952098846436,1,1024,731,0
6.772813081741333,3,1024,706,0
6.773008346557617,3,1024,707,0
6.784205198287964,1,1024,732,0
6.784348249435425,1,1024,733,0
6.7855401039123535,3,1024,708,0
6.7856011390686035,3,1024,709,0
6.794701099395752,3,1024,710,0
6.794815301895142,3,1024,711,0
6.803744077682495,1,1024,734,0
6.8039422035217285,1,1024,735,0
6.807622194290161,3,1024,712,0
6.807774305343628,3,1024,713,0
6.817755222320557,3,1024,714,0
6.817938327789307,3,1024,715,0
6.828002214431763,1,1024,736,0
6.82820725440979,3,1024,716,0
6.828306198120117,1,1024,737,0
6.828372240066528,3,1024,717,0
6.839451313018799,3,1024,718,0
6.839539289474487,3,1024,719,0
6.848347187042236,1,1024,738,0
6.848434209823608,1,1024,739,0
6.8496363162994385,3,1024,720,0
6.8496832847595215,3,1024,721,0
6.861070156097412,3,1024,722,0
6.861123085021973,3,1024,723,0
6.868738174438477,1,1024,740,0
6.868778467178345,1,1024,741,0
6.870042324066162,3,1024,724,0
6.871331214904785,3,1024,725,0
6.880200386047363,3,1024,726,0
6.881486177444458,3,1024,727,0
6.892934322357178,1,1024,742,0
6.892980337142944,1,1024,743,0
6.8930182456970215,3,1024,728,0
6.893055438995361,3,1024,729,0
6.904361248016357,3,1024,730,0
6.904421329498291,3,1024,731,0
6.90945839881897,1,1024,744,0
6.913289308547974,1,1024,745,0
6.913337230682373,3,1024,732,0
6.914614200592041,3,1024,733,0
6.92453932762146,3,1024,734,0
6.924596309661865,3,1024,735,0
6.934770345687866,1,1024,746,0
6.934966087341309,1,1024,747,0
6.937512397766113,3,1024,736,0
6.937816143035889,3,1024,737,0
6.945150375366211,3,1024,738,0
6.947805404663086,3,1024,739,0
6.954200267791748,1,1024,748,0
6.954330205917358,1,1024,749,0
6.958042144775391,3,1024,740,0
6.958101034164429,3,1024,741,0
6.96800422668457,3,1024,742,0
6.968115329742432,3,1024,743,0
6.975649118423462,1,1024,750,0
6.975814342498779,1,1024,751,0
6.979509115219116,3,1024,744,0
6.979603290557861,3,1024,745,0
6.989602088928223,3,1024,746,0
6.9898223876953125,3,1024,747,0
6.997267246246338,1,1024,752,0
6.997669219970703,1,1024,753,0
7.0024802684783936,3,1024,748,0
7.00267219543457,3,1024,749,0
7.011484384536743,3,1024,750,0
7.012836217880249,3,1024,751,0
7.02065634727478,1,1024,754,0
7.020935297012329,1,1024,755,0
7.024657249450684,3,1024,752,0
7.024863243103027,3,1024,753,0
7.034882068634033,3,1024,754,0
7.035078287124634,3,1024,755,0
7.039851188659668,1,1024,756,0
7.040019273757935,1,1024,757,0
7.044992208480835,3,1024,756,0
7.045074224472046,3,1024,757,0
7.056366205215454,3,1024,758,0
7.056431293487549,3,1024,759,0
7.065164089202881,1,1024,758,0
7.065222263336182,1,1024,759,0
7.067711353302002,3,1024,760,0
7.067743301391602,3,1024,761,0
7.077812433242798,3,1024,762,0
7.077879190444946,3,1024,763,0
7.084126234054565,1,1024,760,0
7.0853962898254395,1,1024,761,0
7.090558290481567,3,1024,764,0
7.090668201446533,3,1024,765,0
7.100560188293457,3,1024,766,0
7.100609064102173,3,1024,767,0
7.109330177307129,1,1024,762,0
7.109370231628418,1,1024,763,0
7.113086223602295,3,1024,768,0
7.113112211227417,3,1024,769,0
7.121946334838867,3,1024,770,0
7.1219940185546875,3,1024,771,0
7.129456281661987,1,1024,764,0
7.129500389099121,1,1024,765,0
7.133238077163696,3,1024,772,0
7.1332621574401855,3,1024,773,0
7.1446192264556885,3,1024,774,0
7.144699335098267,3,1024,775,0
7.152173280715942,1,1024,766,0
7.152221202850342,1,1024,767,0
7.15459132194519,3,1024,776,0
7.155872106552124,3,1024,777,0
7.16719126701355,3,1024,778,0
7.167239189147949,3,1024,779,0
7.169770240783691,1,1024,768,0
7.172332048416138,1,1024,769,0
7.1748573780059814,3,1024,780,0
7.177380323410034,3,1024,781,0
7.187455415725708,3,1024,782,0
7.187485218048096,3,1024,783,0
7.19501805305481,1,1024,770,0
7.195044279098511,1,1024,771,0
7.197551250457764,3,1024,784,0
7.197575330734253,3,1024,785,0
7.20891809463501,3,1024,786,0
7.208957195281982,3,1024,787,0
7.216432332992554,1,1024,772,0
7.2164552211761475,1,1024,773,0
7.219036340713501,3,1024,788,0
7.219073057174683,3,1024,789,0
7.230396270751953,3,1024,790,0
7.230446100234985,3,1024,791,0
7.23670506477356,1,1024,774,0
7.236773252487183,1,1024,775,0
7.239238262176514,3,1024,792,0
7.240504264831543,3,1024,793,0
7.250559329986572,3,1024,794,0
7.250582218170166,3,1024,795,0
7.261890172958374,3,1024,796,0
7.261921167373657,1,1024,776,0
7.261942148208618,3,1024,797,0
7.261962175369263,1,1024,777,0
7.2707130908966064,3,1024,798,0
7.2719831466674805,3,1024,799,0
7.280787229537964,1,1024,778,0
7.282051086425781,1,1024,779,0
7.283321142196655,3,1024,800,0
7.283344268798828,3,1024,801,0
7.293291091918945,3,1024,802,0
7.293318271636963,3,1024,803,0
7.303388357162476,3,1024,804,0
7.303411245346069,1,1024,780,0
7.3034281730651855,3,1024,805,0
7.303446054458618,1,1024,781,0
7.314730405807495,3,1024,806,0
7.314776182174683,3,1024,807,0
7.322289228439331,1,1024,782,0
7.324814081192017,1,1024,783,0
7.326083183288574,3,1024,808,0
7.326114177703857,3,1024,809,0
7.334885120391846,3,1024,810,0
7.337202310562134,3,1024,811,0
7.346044301986694,3,1024,812,0
7.347316265106201,3,1024,813,0
7.347341060638428,1,1024,784,0
7.347363233566284,1,1024,785,0
7.358745098114014,3,1024,814,0
7.358794212341309,3,1024,815,0
7.367558240890503,3,1024,816,0
7.3688273429870605,3,1024,817,0
7.368849277496338,1,1024,786,0
7.368866205215454,1,1024,787,0
7.377660274505615,3,1024,818,0
7.3789002895355225,3,1024,819,0
7.38899040222168,3,1024,820,0
7.389032363891602,3,1024,821,0
7.389052152633667,1,1024,788,0
7.3890721797943115,1,1024,789,0
7.399109125137329,3,1024,822,0
7.399136066436768,3,1024,823,0
7.408986330032349,1,1024,790,0
7.409013032913208,1,1024,791,0
7.410280227661133,3,1024,824,0
7.410306215286255,3,1024,825,0
7.42044734954834,3,1024,826,0
7.42047119140625,3,1024,827,0
7.43048620223999,1,1024,792,0
7.4305102825164795,1,1024,793,0
7.431761264801025,3,1024,828,0
7.431783199310303,3,1024,829,0
7.441824197769165,3,1024,830,0
7.441846132278442,3,1024,831,0
7.450631380081177,1,1024,794,0
7.45065712928772,1,1024,795,0
7.451905250549316,3,1024,832,0
7.451925039291382,3,1024,833,0
7.463297128677368,3,1024,834,0
7.46334433555603,3,1024,835,0
7.4742960929870605,3,1024,836,0
7.474326133728027,1,1024,796,0
7.474346399307251,3,1024,837,0
7.474364280700684,1,1024,797,0
7.4844443798065186,3,1024,838,0
7.4844701290130615,3,1024,839,0
7.494526386260986,1,1024,798,0
7.494553089141846,1,1024,799,0
7.497072219848633,3,1024,840,0
7.497100114822388,3,1024,841,0
7.507065296173096,3,1024,842,0
7.507139205932617,3,1024,843,0
7.5161662101745605,1,1024,800,0
7.516225099563599,1,1024,801,0
7.5174243450164795,3,1024,844,0
7.517454147338867,3,1024,845,0
7.530044317245483,3,1024,846,0
7.530095100402832,3,1024,847,0
7.538861274719238,3,1024,848,0
7.54013729095459,3,1024,849,0
7.540168285369873,1,1024,802,0
7.540189266204834,1,1024,803,0
7.55146336555481,3,1024,850,0
7.5514912605285645,3,1024,851,0
7.56027626991272,3,1024,852,0
7.560301065444946,1,1024,804,0
7.560317277908325,1,1024,805,0
7.561548233032227,3,1024,853,0
7.5716233253479,3,1024,854,0
7.571662187576294,3,1024,855,0
7.582966089248657,1,1024,806,0
7.582986116409302,3,1024,856,0
7.583002328872681,3,1024,857,0
7.583025217056274,1,1024,807,0
7.594257354736328,3,1024,858,0
7.594276189804077,3,1024,859,0
7.603036165237427,1,1024,808,0
7.604298114776611,1,1024,809,0
7.60556435585022,3,1024,860,0
7.605588436126709,3,1024,861,0
7.616899251937866,3,1024,862,0
7.616930246353149,3,1024,863,0
7.624362468719482,1,1024,810,0
7.62439227104187,1,1024,811,0
7.62689733505249,3,1024,864,0
7.626920223236084,3,1024,865,0
7.6382200717926025,3,1024,866,0
7.638250350952148,3,1024,867,0
7.6443772315979,1,1024,812,0
7.6444032192230225,1,1024,813,0
7.648161172866821,3,1024,868,0
7.6481852531433105,3,1024,869,0
7.659511089324951,3,1024,870,0
7.659532070159912,3,1024,871,0
7.668337345123291,1,1024,814,0
7.668359279632568,1,1024,815,0
7.669494152069092,3,1024,872,0
7.670852184295654,3,1024,873,0
7.680887222290039,3,1024,874,0
7.6809070110321045,3,1024,875,0
7.686998128890991,1,1024,816,0
7.689532279968262,1,1024,817,0
7.690791368484497,3,1024,876,0
7.690812349319458,3,1024,877,0
7.702132225036621,3,1024,878,0
7.702158212661743,3,1024,879,0
7.708434343338013,1,1024,818,0
7.709700107574463,1,1024,819,0
7.713485240936279,3,1024,880,0
7.71350622177124,3,1024,881,0
7.724801063537598,3,1024,882,0
7.724830389022827,3,1024,883,0
7.732417106628418,1,1024,820,0
7.73246431350708,1,1024,821,0
7.734929323196411,3,1024,884,0
7.734960317611694,3,1024,885,0
7.746271371841431,3,1024,886,0
7.746310234069824,3,1024,887,0
7.752618312835693,1,1024,822,0
7.75268030166626,1,1024,823,0
7.757640361785889,3,1024,888,0
7.75767707824707,3,1024,889,0
7.7684853076934814,3,1024,890,0
7.768556118011475,3,1024,891,0
7.775625228881836,1,1024,824,0
7.775678396224976,1,1024,825,0
7.779338121414185,3,1024,892,0
7.779419183731079,3,1024,893,0
7.788421154022217,3,1024,894,0
7.78973126411438,3,1024,895,0
7.795833110809326,1,1024,826,0
7.795935392379761,1,1024,827,0
7.798232078552246,3,1024,896,0
7.799540996551514,3,1024,897,0
7.809761047363281,3,1024,898,0
