timestamp,flow_id,packet_size,sequence_number,delay_ms
0.0,1,1024,0,0
0.00010085105895996094,1,1024,1,0
0.00013899803161621094,1,1024,2,0
0.00016069412231445312,1,1024,3,0
0.00018787384033203125,1,1024,4,0
0.00021576881408691406,1,1024,5,0
0.00023674964904785156,1,1024,6,0
0.0002567768096923828,1,1024,7,0
0.00028586387634277344,1,1024,8,0
0.00030803680419921875,1,1024,9,0
0.00033283233642578125,1,1024,10,0
0.00035381317138671875,1,1024,11,0
0.00037479400634765625,1,1024,12,0
0.00039505958557128906,1,1024,13,0
0.00041484832763671875,1,1024,14,0
0.00043392181396484375,1,1024,15,0
0.00045180320739746094,1,1024,16,0
0.00046896934509277344,1,1024,17,0
0.0004837512969970703,1,1024,18,0
0.0005047321319580078,1,1024,19,0
0.0005257129669189453,1,1024,20,0
0.0005397796630859375,1,1024,21,0
0.0005557537078857422,1,1024,22,0
0.0005776882171630859,1,1024,23,0
0.0005939006805419922,1,1024,24,0
0.0006096363067626953,1,1024,25,0
0.0006318092346191406,1,1024,26,0
0.0006508827209472656,1,1024,27,0
0.0006690025329589844,1,1024,28,0
0.0006847381591796875,1,1024,29,0
0.0007040500640869141,1,1024,30,0
0.0007207393646240234,1,1024,31,0
0.0007376670837402344,1,1024,32,0
0.0007579326629638672,1,1024,33,0
0.0007748603820800781,1,1024,34,0
0.000789642333984375,1,1024,35,0
0.0008006095886230469,1,1024,36,0
0.0008158683776855469,1,1024,37,0
0.000827789306640625,1,1024,38,0
0.0008409023284912109,1,1024,39,0
0.0008518695831298828,1,1024,40,0
0.0008647441864013672,1,1024,41,0
0.0008788108825683594,1,1024,42,0
0.0008907318115234375,1,1024,43,0
0.0009038448333740234,1,1024,44,0
0.0009198188781738281,1,1024,45,0
0.0009307861328125,1,1024,46,0
0.0009448528289794922,1,1024,47,0
0.0009598731994628906,1,1024,48,0
0.0009717941284179688,1,1024,49,0
0.000985860824584961,1,1024,50,0
0.0009999275207519531,1,1024,51,0
0.0010118484497070312,1,1024,52,0
0.0010256767272949219,1,1024,53,0
0.001039743423461914,1,1024,54,0
0.0010519027709960938,1,1024,55,0
0.0010650157928466797,1,1024,56,0
0.0010797977447509766,1,1024,57,0
0.0010907649993896484,1,1024,58,0
0.0011048316955566406,1,1024,59,0
0.001119852066040039,1,1024,60,0
0.0011317729949951172,1,1024,61,0
0.0011448860168457031,1,1024,62,0
0.0011599063873291016,1,1024,63,0
0.0011708736419677734,1,1024,64,0
0.0011868476867675781,1,1024,65,0
0.0012009143829345703,1,1024,66,0
0.0012128353118896484,1,1024,67,0
0.0012278556823730469,1,1024,68,0
0.0012407302856445312,1,1024,69,0
0.0012547969818115234,1,1024,70,0
0.0012657642364501953,1,1024,71,0
0.0012788772583007812,1,1024,72,0
0.0012938976287841797,1,1024,73,0
0.0013048648834228516,1,1024,74,0
0.0013189315795898438,1,1024,75,0
0.0013339519500732422,1,1024,76,0
0.0013456344604492188,1,1024,77,0
0.0013599395751953125,1,1024,78,0
0.0013740062713623047,1,1024,79,0
0.0013859272003173828,1,1024,80,0
0.0013988018035888672,1,1024,81,0
0.0014138221740722656,1,1024,82,0
0.0014247894287109375,1,1024,83,0
0.0014407634735107422,1,1024,84,0
0.0014538764953613281,1,1024,85,0
0.0014667510986328125,1,1024,86,0
0.0014789104461669922,1,1024,87,0
0.0014929771423339844,1,1024,88,0
0.001506805419921875,1,1024,89,0
0.0015187263488769531,1,1024,90,0
0.0015327930450439453,1,1024,91,0
0.0015478134155273438,1,1024,92,0
0.0015597343444824219,1,1024,93,0
0.0015747547149658203,1,1024,94,0
0.0015869140625,1,1024,95,0
0.001600027084350586,1,1024,96,0
0.0016109943389892578,1,1024,97,0
0.0016238689422607422,1,1024,98,0
0.0016379356384277344,1,1024,99,0
0.025028705596923828,1,1024,100,0
0.02505183219909668,1,1024,101,0
0.04413270950317383,1,1024,102,0
0.04415082931518555,1,1024,103,0
0.0696268081665039,1,1024,104,0
0.0696709156036377,1,1024,105,0
0.08873295783996582,1,1024,106,0
0.09004878997802734,1,1024,107,0
0.11290192604064941,1,1024,108,0
0.11294388771057129,1,1024,109,0
0.13323974609375,1,1024,110,0
0.13327789306640625,1,1024,111,0
0.15871596336364746,1,1024,112,0
0.15875983238220215,1,1024,113,0
0.17780089378356934,1,1024,114,0
0.17784500122070312,1,1024,115,0
0.2020549774169922,1,1024,116,0
0.20220685005187988,1,1024,117,0
0.2198808193206787,1,1024,118,0
0.22359395027160645,1,1024,119,0
0.23999786376953125,1,1024,120,0
0.24386000633239746,1,1024,121,0
0.26169395446777344,1,1024,122,0
0.26428866386413574,1,1024,123,0
0.2844700813293457,1,1024,124,0
0.2846217155456543,1,1024,125,0
0.30745482444763184,1,1024,126,0
0.30762600898742676,1,1024,127,0
0.3265700340270996,1,1024,128,0
0.3278768062591553,1,1024,129,0
0.35198283195495605,1,1024,130,0
0.35208773612976074,1,1024,131,0
0.37091588973999023,1,1024,132,0
0.37110090255737305,1,1024,133,0
0.39129090309143066,1,1024,134,0
0.39144086837768555,1,1024,135,0
0.4142327308654785,1,1024,136,0
0.4144148826599121,1,1024,137,0
0.4359588623046875,1,1024,138,0
0.43610501289367676,1,1024,139,0
0.4564249515533447,1,1024,140,0
0.45656394958496094,1,1024,141,0
0.4778168201446533,1,1024,142,0
0.47797083854675293,1,1024,143,0
0.5019919872283936,1,1024,144,0
0.5022218227386475,1,1024,145,0
0.5198259353637695,1,1024,146,0
0.5224246978759766,1,1024,147,0
0.5428218841552734,1,1024,148,0
0.5430710315704346,1,1024,149,0
0.564504861831665,1,1024,150,0
0.5647068023681641,1,1024,151,0
0.5859088897705078,1,1024,152,0
0.5861148834228516,1,1024,153,0
0.6076419353485107,1,1024,154,0
0.6079199314117432,1,1024,155,0
0.6280567646026611,1,1024,156,0
0.6282598972320557,1,1024,157,0
0.6521618366241455,1,1024,158,0
0.65230393409729,1,1024,159,0
0.6711018085479736,1,1024,160,0
0.6736428737640381,1,1024,161,0
0.6953060626983643,1,1024,162,0
0.6954450607299805,1,1024,163,0
0.7182748317718506,1,1024,164,0
0.7184419631958008,1,1024,165,0
0.7399790287017822,1,1024,166,0
0.740128755569458,1,1024,167,0
0.7629168033599854,1,1024,168,0
0.7631239891052246,1,1024,169,0
0.7830338478088379,1,1024,170,0
0.7831838130950928,1,1024,171,0
0.8032209873199463,1,1024,172,0
0.8033838272094727,1,1024,173,0
0.8272309303283691,1,1024,174,0
0.8274197578430176,1,1024,175,0
0.8449478149414062,1,1024,176,0
0.8487539291381836,1,1024,177,0
0.8676967620849609,1,1024,178,0
0.8689718246459961,1,1024,179,0
0.8919229507446289,1,1024,180,0
0.8921029567718506,1,1024,181,0
0.910883903503418,1,1024,182,0
0.9133577346801758,1,1024,183,0
0.9323217868804932,1,1024,184,0
0.9336256980895996,1,1024,185,0
0.9564716815948486,1,1024,186,0
0.9566118717193604,1,1024,187,0
0.9755730628967285,1,1024,188,0
0.9769899845123291,1,1024,189,0
0.9960699081420898,1,1024,190,0
0.9961948394775391,1,1024,191,0
1.0164439678192139,1,1024,192,0
1.0165808200836182,1,1024,193,0
1.0379929542541504,1,1024,194,0
1.0381357669830322,1,1024,195,0
1.0618329048156738,1,1024,196,0
1.0619709491729736,1,1024,197,0
1.079608678817749,1,1024,198,0
1.0822069644927979,1,1024,199,0
1.1010339260101318,1,1024,200,0
1.10353684425354,1,1024,201,0
1.124908685684204,1,1024,202,0
1.1250407695770264,1,1024,203,0
1.145258903503418,1,1024,204,0
1.1454217433929443,1,1024,205,0
1.168130874633789,1,1024,206,0
1.1683299541473389,1,1024,207,0
1.189910650253296,1,1024,208,0
1.1901519298553467,1,1024,209,0
1.212890863418579,1,1024,210,0
1.2130858898162842,1,1024,211,0
1.2331428527832031,1,1024,212,0
1.2333099842071533,1,1024,213,0
1.2573258876800537,1,1024,214,0
1.2575278282165527,1,1024,215,0
1.2762377262115479,1,1024,216,0
1.277575969696045,1,1024,217,0
1.3018617630004883,1,1024,218,0
1.3020286560058594,1,1024,219,0
1.3184216022491455,1,1024,220,0
1.3234248161315918,1,1024,221,0
1.3386988639831543,1,1024,222,0
1.3425557613372803,1,1024,223,0
1.361677885055542,1,1024,224,0
1.3640377521514893,1,1024,225,0
1.3869109153747559,1,1024,226,0
1.3871779441833496,1,1024,227,0
1.4048078060150146,1,1024,228,0
1.4072136878967285,1,1024,229,0
1.427623987197876,1,1024,230,0
1.4277598857879639,1,1024,231,0
1.4518468379974365,1,1024,232,0
1.451997995376587,1,1024,233,0
1.4722168445587158,1,1024,234,0
1.4723718166351318,1,1024,235,0
1.497539758682251,1,1024,236,0
1.4976966381072998,1,1024,237,0
1.5166070461273193,1,1024,238,0
1.5178918838500977,1,1024,239,0
1.5396487712860107,1,1024,240,0
1.5398128032684326,1,1024,241,0
1.5584290027618408,1,1024,242,0
1.5598080158233643,1,1024,243,0
1.5826268196105957,1,1024,244,0
1.5828697681427002,1,1024,245,0
1.6005268096923828,1,1024,246,0
1.6044590473175049,1,1024,247,0
1.6222317218780518,1,1024,248,0
1.6248438358306885,1,1024,249,0
1.6478688716888428,1,1024,250,0
1.6481170654296875,1,1024,251,0
1.6668596267700195,1,1024,252,0
1.668179988861084,1,1024,253,0
1.6892528533935547,1,1024,254,0
1.689485788345337,1,1024,255,0
1.7097759246826172,1,1024,256,0
1.710047960281372,1,1024,257,0
1.7338719367980957,1,1024,258,0
1.734130859375,1,1024,259,0
1.7530467510223389,1,1024,260,0
1.754417896270752,1,1024,261,0
1.7760639190673828,1,1024,262,0
1.7762329578399658,1,1024,263,0
1.7966508865356445,1,1024,264,0
1.7968950271606445,1,1024,265,0
1.8195619583129883,1,1024,266,0
1.8196439743041992,1,1024,267,0
1.8407988548278809,1,1024,268,0
1.8408489227294922,1,1024,269,0
1.8634438514709473,1,1024,270,0
1.8634729385375977,1,1024,271,0
1.8823046684265137,1,1024,272,0
1.8835647106170654,1,1024,273,0
1.9034748077392578,1,1024,274,0
1.9035089015960693,1,1024,275,0
1.9286248683929443,1,1024,276,0
1.9286518096923828,1,1024,277,0
1.946220874786377,1,1024,278,0
1.9487407207489014,1,1024,279,0
1.9676077365875244,1,1024,280,0
1.970123052597046,1,1024,281,0
1.9877147674560547,1,1024,282,0
1.9902307987213135,1,1024,283,0
2.0090959072113037,1,1024,284,0
2.010359764099121,1,1024,285,0
2.011638641357422,2,512,0,0
2.0116758346557617,2,512,1,0
2.011699914932251,2,512,2,0
2.011718988418579,2,512,3,0
2.0117368698120117,2,512,4,0
2.011756658554077,2,512,5,0
2.0117719173431396,2,512,6,0
2.0117897987365723,2,512,7,0
2.0118048191070557,2,512,8,0
2.0118207931518555,2,512,9,0
2.011838912963867,2,512,10,0
2.011854887008667,2,512,11,0
2.011875867843628,2,512,12,0
2.0118908882141113,2,512,13,0
2.0119669437408447,2,512,14,0
2.011981725692749,2,512,15,0
2.0119998455047607,2,512,16,0
2.0120198726654053,2,512,17,0
2.01203989982605,2,512,18,0
2.0120558738708496,2,512,19,0
2.012072801589966,2,512,20,0
2.012087821960449,2,512,21,0
2.0121049880981445,2,512,22,0
2.0121238231658936,2,512,23,0
2.012141704559326,2,512,24,0
2.0121588706970215,2,512,25,0
2.0121748447418213,2,512,26,0
2.012192726135254,2,512,27,0
2.012212038040161,2,512,28,0
2.0122287273406982,2,512,29,0
2.0122456550598145,2,512,30,0
2.0122649669647217,2,512,31,0
2.012281894683838,2,512,32,0
2.012299060821533,2,512,33,0
2.012320041656494,2,512,34,0
2.0123326778411865,2,512,35,0
2.012349843978882,2,512,36,0
2.012366771697998,2,512,37,0
2.0123820304870605,2,512,38,0
2.012399911880493,2,512,39,0
2.012418746948242,2,512,40,0
2.012439727783203,2,512,41,0
2.0124518871307373,2,512,42,0
2.0124638080596924,2,512,43,0
2.012476921081543,2,512,44,0
2.01249098777771,2,512,45,0
2.0125017166137695,2,512,46,0
2.0125157833099365,2,512,47,0
2.0125298500061035,2,512,48,0
2.0125420093536377,2,512,49,0
2.012554883956909,2,512,50,0
2.0125739574432373,2,512,51,0
2.012584924697876,2,512,52,0
2.0125980377197266,2,512,53,0
2.012612819671631,2,512,54,0
2.0126237869262695,2,512,55,0
2.012639045715332,2,512,56,0
2.0126538276672363,2,512,57,0
2.0126638412475586,2,512,58,0
2.012678861618042,2,512,59,0
2.012692928314209,2,512,60,0
2.0127038955688477,2,512,61,0
2.0127177238464355,2,512,62,0
2.0127317905426025,2,512,63,0
2.012742757797241,2,512,64,0
2.0127577781677246,2,512,65,0
2.012772798538208,2,512,66,0
2.0127837657928467,2,512,67,0
2.0127968788146973,2,512,68,0
2.0128109455108643,2,512,69,0
2.0128226280212402,2,512,70,0
2.0128369331359863,2,512,71,0
2.0128519535064697,2,512,72,0
2.0128629207611084,2,512,73,0
2.0128777027130127,2,512,74,0
2.0128908157348633,2,512,75,0
2.012903928756714,2,512,76,0
2.0129148960113525,2,512,77,0
2.012928009033203,2,512,78,0
2.0129427909851074,2,512,79,0
2.012953758239746,2,512,80,0
2.0129690170288086,2,512,81,0
2.0129828453063965,2,512,82,0
2.0129947662353516,2,512,83,0
2.0130088329315186,2,512,84,0
2.0130228996276855,2,512,85,0
2.013033866882324,2,512,86,0
2.0130467414855957,2,512,87,0
2.0130608081817627,2,512,88,0
2.013072967529297,2,512,89,0
2.013087034225464,2,512,90,0
2.013101816177368,2,512,91,0
2.013112783432007,2,512,92,0
2.0131278038024902,2,512,93,0
2.0131428241729736,2,512,94,0
2.0131537914276123,2,512,95,0
2.0131688117980957,2,512,96,0
2.0131828784942627,2,512,97,0
2.0131938457489014,2,512,98,0
2.0132129192352295,2,512,99,0
2.0300238132476807,1,1024,286,0
2.031308650970459,1,1024,287,0
2.0364327430725098,2,512,100,0
2.036463737487793,2,512,101,0
2.0504658222198486,1,1024,288,0
2.0504839420318604,1,1024,289,0
2.055560827255249,2,512,102,0
2.0555789470672607,2,512,103,0
2.072147846221924,1,1024,290,0
2.0721919536590576,1,1024,291,0
2.0798628330230713,2,512,104,0
2.079897880554199,2,512,105,0
2.0926249027252197,1,1024,292,0
2.0926477909088135,1,1024,293,0
2.0977606773376465,2,512,106,0
2.100338935852051,2,512,107,0
2.111806869506836,1,1024,294,0
2.1118297576904297,1,1024,295,0
2.1220338344573975,2,512,108,0
2.1220669746398926,2,512,109,0
2.1335268020629883,1,1024,296,0
2.1335508823394775,1,1024,297,0
2.1450157165527344,2,512,110,0
2.14504075050354,2,512,111,0
2.1564998626708984,1,1024,298,0
2.156543016433716,1,1024,299,0
2.1629247665405273,2,512,112,0
2.1655068397521973,2,512,113,0
2.174414873123169,1,1024,300,0
2.1782689094543457,1,1024,301,0
2.1871938705444336,2,512,114,0
2.187252998352051,2,512,115,0
2.194863796234131,1,1024,302,0
2.1987078189849854,1,1024,303,0
2.2102537155151367,2,512,116,0
2.210378885269165,2,512,117,0
2.217921733856201,1,1024,304,0
2.217993974685669,1,1024,305,0
2.2305049896240234,2,512,118,0
2.230597734451294,2,512,119,0
2.240647792816162,1,1024,306,0
2.240741729736328,1,1024,307,0
2.250783920288086,2,512,120,0
2.250910997390747,2,512,121,0
2.2635788917541504,1,1024,308,0
2.2637438774108887,1,1024,309,0
2.2725887298583984,2,512,122,0
2.272732973098755,2,512,123,0
2.282604694366455,1,1024,310,0
2.2837767601013184,1,1024,311,0
2.2940328121185303,2,512,124,0
2.2941699028015137,2,512,125,0
2.3056089878082275,1,1024,312,0
2.3057727813720703,1,1024,313,0
2.315894842147827,2,512,126,0
2.316020965576172,2,512,127,0
2.325023889541626,1,1024,314,0
2.325192928314209,1,1024,315,0
2.338833808898926,2,512,128,0
2.3389668464660645,2,512,129,0
2.347827911376953,1,1024,316,0
2.3480257987976074,1,1024,317,0
2.356797933578491,2,512,130,0
2.3593738079071045,2,512,131,0
2.369555950164795,1,1024,318,0
2.369670867919922,1,1024,319,0
2.3798208236694336,2,512,132,0
2.3799517154693604,2,512,133,0
2.392239809036255,1,1024,320,0
2.392374038696289,1,1024,321,0
2.3999428749084473,2,512,134,0
2.40008282661438,2,512,135,0
2.415144920349121,1,1024,322,0
2.4152848720550537,1,1024,323,0
2.420339822769165,2,512,136,0
2.420498847961426,2,512,137,0
2.4331698417663574,1,1024,324,0
2.434485912322998,1,1024,325,0
2.4434239864349365,2,512,138,0
2.443558931350708,2,512,139,0
2.456270694732666,1,1024,326,0
2.4564099311828613,1,1024,327,0
2.4615046977996826,2,512,140,0
2.463995933532715,2,512,141,0
2.476508855819702,1,1024,328,0
2.4766297340393066,1,1024,329,0
2.4842429161071777,2,512,142,0
2.4843668937683105,2,512,143,0
2.4995808601379395,1,1024,330,0
2.4997446537017822,1,1024,331,0
2.508612871170044,2,512,144,0
2.5087528228759766,2,512,145,0
2.5201668739318848,1,1024,332,0
2.520333766937256,1,1024,333,0
2.5253489017486572,2,512,146,0
2.53051495552063,2,512,147,0
2.5404999256134033,1,1024,334,0
2.5406317710876465,1,1024,335,0
2.545691967010498,2,512,148,0
2.5509088039398193,2,512,149,0
2.5624678134918213,1,1024,336,0
2.562592029571533,1,1024,337,0
2.5689218044281006,2,512,150,0
2.572598695755005,2,512,151,0
2.581441640853882,1,1024,338,0
2.5827767848968506,1,1024,339,0
2.5905747413635254,2,512,152,0
2.591904640197754,2,512,153,0
2.6060218811035156,1,1024,340,0
2.606156826019287,1,1024,341,0
2.6112897396087646,2,512,154,0
2.6126108169555664,2,512,155,0
2.625363826751709,1,1024,342,0
2.626688003540039,1,1024,343,0
2.6356589794158936,2,512,156,0
2.635816812515259,2,512,157,0
2.6482508182525635,1,1024,344,0
2.6483938694000244,1,1024,345,0
2.654735803604126,2,512,158,0
2.6560609340667725,2,512,159,0
2.67143177986145,1,1024,346,0
2.671564817428589,1,1024,347,0
2.6791727542877197,2,512,160,0
2.6792967319488525,2,512,161,0
2.6894538402557373,1,1024,348,0
2.6920557022094727,1,1024,349,0
2.6972508430480957,2,512,162,0
2.6998369693756104,2,512,163,0
2.7112977504730225,1,1024,350,0
2.712620735168457,1,1024,351,0
2.721493721008301,2,512,164,0
2.721660852432251,2,512,165,0
2.7329349517822266,1,1024,352,0
2.7330849170684814,1,1024,353,0
2.7432708740234375,2,512,166,0
2.743393659591675,2,512,167,0
2.756164789199829,1,1024,354,0
2.7563090324401855,1,1024,355,0
2.76253080368042,2,512,168,0
2.7638628482818604,2,512,169,0
2.7726268768310547,1,1024,356,0
2.7752299308776855,1,1024,357,0
2.7878899574279785,2,512,170,0
2.788022041320801,2,512,171,0
2.7956178188323975,1,1024,358,0
2.795733690261841,1,1024,359,0
2.805889844894409,2,512,172,0
2.8085649013519287,2,512,173,0
2.8175368309020996,1,1024,360,0
2.817675828933716,1,1024,361,0
2.8288917541503906,2,512,174,0
2.82901668548584,2,512,175,0
2.837894916534424,1,1024,362,0
2.838092803955078,1,1024,363,0
2.8506758213043213,2,512,176,0
2.850850820541382,2,512,177,0
2.8570737838745117,1,1024,364,0
2.8572168350219727,1,1024,365,0
2.8711278438568115,2,512,178,0
2.8713390827178955,2,512,179,0
2.8826868534088135,1,1024,366,0
2.882866859436035,1,1024,367,0
2.895477056503296,2,512,180,0
2.8956167697906494,2,512,181,0
2.89933180809021,1,1024,368,0
2.903226852416992,1,1024,369,0
2.9120678901672363,2,512,182,0
2.9159419536590576,2,512,183,0
2.92136287689209,1,1024,370,0
2.9239869117736816,1,1024,371,0
2.932790756225586,2,512,184,0
2.9365859031677246,2,512,185,0
2.944211959838867,1,1024,372,0
2.9443469047546387,1,1024,373,0
2.955645799636841,2,512,186,0
2.9556899070739746,2,512,187,0
2.9658517837524414,1,1024,374,0
2.9659128189086914,1,1024,375,0
2.9811227321624756,2,512,188,0
2.9811956882476807,2,512,189,0
2.9874918460845947,1,1024,376,0
2.987541675567627,1,1024,377,0
2.9991166591644287,2,512,190,0
3.0016558170318604,2,512,191,0
3.0092668533325195,1,1024,378,0
3.0093119144439697,1,1024,379,0
3.0232508182525635,2,512,192,0
3.0233049392700195,2,512,193,0
3.0321788787841797,1,1024,380,0
3.032228708267212,1,1024,381,0
3.0461487770080566,2,512,194,0
3.04622483253479,2,512,195,0
3.0538036823272705,1,1024,382,0
3.0538387298583984,1,1024,383,0
3.063959836959839,2,512,196,0
3.067739963531494,2,512,197,0
3.072859764099121,1,1024,384,0
3.0741488933563232,1,1024,385,0
3.084336757659912,2,512,198,0
3.0881927013397217,2,512,199,0
3.0970706939697266,1,1024,386,0
3.0971128940582275,1,1024,387,0
3.107280969619751,2,512,200,0
3.10855770111084,2,512,201,0
3.118665933609009,1,1024,388,0
3.1187238693237305,1,1024,389,0
3.132636785507202,2,512,202,0
3.1328530311584473,2,512,203,0
3.1414918899536133,1,1024,390,0
3.14156174659729,1,1024,391,0
3.1528708934783936,2,512,204,0
3.1529369354248047,2,512,205,0
3.159245729446411,1,1024,392,0
3.1618409156799316,1,1024,393,0
3.173248052597046,2,512,206,0
3.173321008682251,2,512,207,0
3.1847307682037354,1,1024,394,0
3.1847727298736572,1,1024,395,0
3.1935977935791016,2,512,208,0
3.193671941757202,2,512,209,0
3.2049877643585205,1,1024,396,0
3.205024003982544,1,1024,397,0
3.213902711868286,2,512,210,0
3.2139527797698975,2,512,211,0
3.229099750518799,1,1024,398,0
3.2291269302368164,1,1024,399,0
3.2379987239837646,2,512,212,0
3.238024950027466,2,512,213,0
3.2469687461853027,1,1024,400,0
3.2508318424224854,1,1024,401,0
3.257201910018921,2,512,214,0
3.2584738731384277,2,512,215,0
3.2674267292022705,1,1024,402,0
3.2712838649749756,1,1024,403,0
3.2827179431915283,2,512,216,0
3.282752752304077,2,512,217,0
3.287848949432373,1,1024,404,0
3.291705846786499,1,1024,405,0
3.303168773651123,2,512,218,0
3.303201675415039,2,512,219,0
3.310851812362671,1,1024,406,0
3.3121559619903564,1,1024,407,0
3.3236286640167236,2,512,220,0
3.3236968517303467,2,512,221,0
3.332576036453247,1,1024,408,0
3.3326427936553955,1,1024,409,0
3.3479878902435303,2,512,222,0
3.3481178283691406,2,512,223,0
3.3567309379577637,1,1024,410,0
3.3568358421325684,1,1024,411,0
3.3682289123535156,2,512,224,0
3.3684117794036865,2,512,225,0
3.3771839141845703,1,1024,412,0
3.3773508071899414,1,1024,413,0
3.39253568649292,2,512,226,0
3.392737865447998,2,512,227,0
3.398664951324463,1,1024,414,0
3.3987679481506348,1,1024,415,0
3.408756971359253,2,512,228,0
3.4137799739837646,2,512,229,0
3.418902635574341,1,1024,416,0
3.4190218448638916,1,1024,417,0
3.4291577339172363,2,512,230,0
3.435544729232788,2,512,231,0
3.4406919479370117,1,1024,418,0
3.440842866897583,1,1024,419,0
3.4510059356689453,2,512,232,0
3.456249713897705,2,512,233,0
3.4601328372955322,1,1024,420,0
3.4614458084106445,1,1024,421,0
3.4739508628845215,2,512,234,0
3.4777119159698486,2,512,235,0
3.4828407764434814,1,1024,422,0
3.482961893081665,1,1024,423,0
3.4957988262176514,2,512,236,0
3.497116804122925,2,512,237,0
3.5061848163604736,1,1024,424,0
3.5063469409942627,1,1024,425,0
3.518954038619995,2,512,238,0
3.519059896469116,2,512,239,0
3.5239367485046387,1,1024,426,0
3.5263099670410156,1,1024,427,0
3.538740873336792,2,512,240,0
3.5400750637054443,2,512,241,0
3.5452017784118652,1,1024,428,0
3.546562671661377,1,1024,429,0
3.5631680488586426,2,512,242,0
3.5633578300476074,2,512,243,0
3.5670948028564453,1,1024,430,0
3.5672247409820557,1,1024,431,0
3.583893060684204,2,512,244,0
3.5840978622436523,2,512,245,0
3.5928127765655518,1,1024,432,0
3.5929388999938965,1,1024,433,0
3.6056220531463623,2,512,246,0
3.6058566570281982,2,512,247,0
3.612074851989746,1,1024,434,0
3.6122639179229736,1,1024,435,0
3.62496280670166,2,512,248,0
3.6251308917999268,2,512,249,0
3.6313867568969727,1,1024,436,0
3.63269305229187,1,1024,437,0
3.6492888927459717,2,512,250,0
3.649513006210327,2,512,251,0
3.654362916946411,1,1024,438,0
3.6544346809387207,1,1024,439,0
3.6695749759674072,2,512,252,0
3.6696529388427734,2,512,253,0
3.677273750305176,1,1024,440,0
3.677323818206787,1,1024,441,0
3.6925528049468994,2,512,254,0
3.692600727081299,2,512,255,0
3.695133924484253,1,1024,442,0
3.6976819038391113,1,1024,443,0
3.714266777038574,2,512,256,0
3.714317798614502,2,512,257,0
3.7194008827209473,1,1024,444,0
3.719439744949341,1,1024,445,0
3.7371888160705566,2,512,258,0
3.737276792526245,2,512,259,0
3.7409989833831787,1,1024,446,0
3.741046667098999,1,1024,447,0
3.7588107585906982,2,512,260,0
3.758863925933838,2,512,261,0
3.76134991645813,1,1024,448,0
3.7613818645477295,1,1024,449,0
3.7791218757629395,2,512,262,0
3.7791707515716553,2,512,263,0
3.7854998111724854,1,1024,450,0
3.785540819168091,1,1024,451,0
3.799456834793091,2,512,264,0
3.7995097637176514,2,512,265,0
3.804579734802246,1,1024,452,0
3.807119846343994,1,1024,453,0
3.822445869445801,2,512,266,0
3.8225150108337402,2,512,267,0
3.828812837600708,1,1024,454,0
3.8289296627044678,1,1024,455,0
3.8401858806610107,2,512,268,0
3.84270977973938,2,512,269,0
3.8477578163146973,1,1024,456,0
3.8490397930145264,1,1024,457,0
3.860398769378662,2,512,270,0
3.862919807434082,2,512,271,0
3.8716747760772705,1,1024,458,0
3.8717708587646484,1,1024,459,0
3.8842639923095703,2,512,272,0
3.884312868118286,2,512,273,0
3.8931987285614014,1,1024,460,0
3.8932738304138184,1,1024,461,0
3.9058048725128174,2,512,274,0
3.905869722366333,2,512,275,0
3.913408041000366,1,1024,462,0
3.91353178024292,1,1024,463,0
3.9285147190093994,2,512,276,0
3.92856502532959,2,512,277,0
3.9373958110809326,1,1024,464,0
3.937535047531128,1,1024,465,0
3.9500229358673096,2,512,278,0
3.950072765350342,2,512,279,0
3.9576027393341064,1,1024,466,0
3.9576478004455566,1,1024,467,0
3.9701969623565674,2,512,280,0
3.9702389240264893,2,512,281,0
3.978847026824951,1,1024,468,0
3.9789059162139893,1,1024,469,0
3.9927806854248047,2,512,282,0
3.9928789138793945,2,512,283,0
4.0028626918792725,1,1024,470,0
4.002908945083618,1,1024,471,0
4.0129406452178955,2,512,284,0
4.01296067237854,2,512,285,0
4.020490884780884,1,1024,472,0
4.023010730743408,1,1024,473,0
4.030591011047363,3,1024,0,0
4.0306220054626465,3,1024,1,0
4.030735731124878,3,1024,2,0
4.030763626098633,3,1024,3,0
4.03078293800354,3,1024,4,0
4.030858039855957,3,1024,5,0
4.030880689620972,3,1024,6,0
4.030896902084351,3,1024,7,0
4.030926704406738,3,1024,8,0
4.030972957611084,3,1024,9,0
4.0310378074646,3,1024,10,0
4.031160831451416,3,1024,11,0
4.031186819076538,3,1024,12,0
4.0312089920043945,3,1024,13,0
4.031243085861206,3,1024,14,0
4.031259775161743,3,1024,15,0
4.0313029289245605,3,1024,16,0
4.031358957290649,3,1024,17,0
4.031385898590088,3,1024,18,0
4.031458854675293,3,1024,19,0
4.031479835510254,3,1024,20,0
4.031494855880737,3,1024,21,0
4.0315258502960205,3,1024,22,0
4.0315446853637695,3,1024,23,0
4.03156304359436,3,1024,24,0
4.031579971313477,3,1024,25,0
4.031595706939697,3,1024,26,0
4.031610727310181,3,1024,27,0
4.03162693977356,3,1024,28,0
4.031639814376831,3,1024,29,0
4.031652927398682,3,1024,30,0
4.031667947769165,3,1024,31,0
4.031681776046753,3,1024,32,0
4.031696796417236,3,1024,33,0
4.031712770462036,3,1024,34,0
4.0317277908325195,3,1024,35,0
4.0317418575286865,3,1024,36,0
4.031754970550537,3,1024,37,0
4.031768798828125,3,1024,38,0
4.031783819198608,3,1024,39,0
4.031857967376709,3,1024,40,0
4.031875848770142,3,1024,41,0
4.031891822814941,3,1024,42,0
4.031905651092529,3,1024,43,0
4.031920909881592,3,1024,44,0
4.031935930252075,3,1024,45,0
4.031949758529663,3,1024,46,0
4.031962871551514,3,1024,47,0
4.031977891921997,3,1024,48,0
4.031991720199585,3,1024,49,0
4.032005786895752,3,1024,50,0
4.032019853591919,3,1024,51,0
4.032033681869507,3,1024,52,0
4.032048940658569,3,1024,53,0
4.032061815261841,3,1024,54,0
4.032075643539429,3,1024,55,0
4.032089710235596,3,1024,56,0
4.032105922698975,3,1024,57,0
4.032122850418091,3,1024,58,0
4.032135963439941,3,1024,59,0
4.032148838043213,3,1024,60,0
4.032164812088013,3,1024,61,0
4.03217887878418,3,1024,62,0
4.032192707061768,3,1024,63,0
4.032207727432251,3,1024,64,0
4.03222393989563,3,1024,65,0
4.032238721847534,3,1024,66,0
4.032252788543701,3,1024,67,0
4.032266855239868,3,1024,68,0
4.032281875610352,3,1024,69,0
4.032297849655151,3,1024,70,0
4.032311677932739,3,1024,71,0
4.03232479095459,3,1024,72,0
4.032339811325073,3,1024,73,0
4.032353639602661,3,1024,74,0
4.032368898391724,3,1024,75,0
4.032382965087891,3,1024,76,0
4.032397747039795,3,1024,77,0
4.032413005828857,3,1024,78,0
4.032427787780762,3,1024,79,0
4.032441854476929,3,1024,80,0
4.032456874847412,3,1024,81,0
4.032471656799316,3,1024,82,0
4.0324859619140625,3,1024,83,0
4.0325026512146,3,1024,84,0
4.0325188636779785,3,1024,85,0
4.032533645629883,3,1024,86,0
4.032546758651733,3,1024,87,0
4.0325608253479,3,1024,88,0
4.032574892044067,3,1024,89,0
4.032591819763184,3,1024,90,0
4.032604932785034,3,1024,91,0
4.032618045806885,3,1024,92,0
4.0326337814331055,3,1024,93,0
4.0326478481292725,3,1024,94,0
4.03266167640686,3,1024,95,0
4.032676935195923,3,1024,96,0
4.032691955566406,3,1024,97,0
4.032704830169678,3,1024,98,0
4.032719850540161,3,1024,99,0
4.032732963562012,3,1024,100,0
4.032747745513916,3,1024,101,0
4.032762765884399,3,1024,102,0
4.032778024673462,3,1024,103,0
4.032790660858154,3,1024,104,0
4.032806873321533,3,1024,105,0
4.032821893692017,3,1024,106,0
4.032837867736816,3,1024,107,0
4.032850980758667,3,1024,108,0
4.032880783081055,3,1024,109,0
4.032899856567383,3,1024,110,0
4.032917022705078,3,1024,111,0
4.032931804656982,3,1024,112,0
4.032948970794678,3,1024,113,0
4.032963752746582,3,1024,114,0
4.0329790115356445,3,1024,115,0
4.032992839813232,3,1024,116,0
4.033010959625244,3,1024,117,0
4.033025741577148,3,1024,118,0
4.033040761947632,3,1024,119,0
4.033056020736694,3,1024,120,0
4.033070802688599,3,1024,121,0
4.033085823059082,3,1024,122,0
4.03309965133667,3,1024,123,0
4.033113718032837,3,1024,124,0
4.033128976821899,3,1024,125,0
4.033143758773804,3,1024,126,0
4.033158779144287,3,1024,127,0
4.033175706863403,3,1024,128,0
4.033190965652466,3,1024,129,0
4.033205986022949,3,1024,130,0
4.033219814300537,3,1024,131,0
4.033233880996704,3,1024,132,0
4.033248662948608,3,1024,133,0
4.033264875411987,3,1024,134,0
4.033283710479736,3,1024,135,0
4.033301830291748,3,1024,136,0
4.033318758010864,3,1024,137,0
4.033334016799927,3,1024,138,0
4.033348798751831,3,1024,139,0
4.0334038734436035,3,1024,140,0
4.03342080116272,3,1024,141,0
4.033435821533203,3,1024,142,0
4.033451795578003,3,1024,143,0
4.033468961715698,3,1024,144,0
4.033484697341919,3,1024,145,0
4.0334999561309814,3,1024,146,0
4.0335166454315186,3,1024,147,0
4.033531904220581,3,1024,148,0
4.033547639846802,3,1024,149,0
4.033561706542969,3,1024,150,0
4.033576965332031,3,1024,151,0
4.033590793609619,3,1024,152,0
4.033604860305786,3,1024,153,0
4.0336198806762695,3,1024,154,0
4.033635854721069,3,1024,155,0
4.033650875091553,3,1024,156,0
4.033669948577881,3,1024,157,0
4.033686637878418,3,1024,158,0
4.0337018966674805,3,1024,159,0
4.033716917037964,3,1024,160,0
4.033730745315552,3,1024,161,0
4.033744812011719,3,1024,162,0
4.0337607860565186,3,1024,163,0
4.033776760101318,3,1024,164,0
4.033790826797485,3,1024,165,0
4.033805847167969,3,1024,166,0
4.03381872177124,3,1024,167,0
4.033833026885986,3,1024,168,0
4.033847808837891,3,1024,169,0
4.033862829208374,3,1024,170,0
4.033875942230225,3,1024,171,0
4.033890724182129,3,1024,172,0
4.033906936645508,3,1024,173,0
4.033920049667358,3,1024,174,0
4.033935785293579,3,1024,175,0
4.033949851989746,3,1024,176,0
4.033963680267334,3,1024,177,0
4.033979892730713,3,1024,178,0
4.03399395942688,3,1024,179,0
4.034008741378784,3,1024,180,0
4.034022808074951,3,1024,181,0
4.034038066864014,3,1024,182,0
4.034052848815918,3,1024,183,0
4.034066915512085,3,1024,184,0
4.034081697463989,3,1024,185,0
4.03409481048584,3,1024,186,0
4.03410792350769,3,1024,187,0
4.034121036529541,3,1024,188,0
4.034133672714233,3,1024,189,0
4.034146785736084,3,1024,190,0
4.034159898757935,3,1024,191,0
4.03417181968689,3,1024,192,0
4.03418493270874,3,1024,193,0
4.034196853637695,3,1024,194,0
4.034209728240967,3,1024,195,0
4.034221887588501,3,1024,196,0
4.0342347621917725,3,1024,197,0
4.034246921539307,3,1024,198,0
4.034258842468262,3,1024,199,0
4.03662896156311,2,512,286,0
4.03664493560791,2,512,287,0
4.043087720870972,3,1024,200,0
4.045651912689209,1,1024,474,0
4.045675754547119,3,1024,201,0
4.0456907749176025,1,1024,475,0
4.0546019077301025,3,1024,202,0
4.055916786193848,2,512,288,0
4.055947780609131,3,1024,203,0
4.057204961776733,2,512,289,0
4.066112041473389,3,1024,204,0
4.066138744354248,1,1024,476,0
4.066154956817627,3,1024,205,0
4.06617283821106,1,1024,477,0
4.07633900642395,2,512,290,0
4.076359987258911,3,1024,206,0
4.076375722885132,3,1024,207,0
4.07768988609314,2,512,291,0
4.087817907333374,3,1024,208,0
4.087838888168335,1,1024,478,0
4.087854862213135,3,1024,209,0
4.08787202835083,1,1024,479,0
4.098014831542969,2,512,292,0
4.09803581237793,3,1024,210,0
4.0980517864227295,2,512,293,0
4.098068952560425,3,1024,211,0
4.108211994171143,1,1024,480,0
4.108231782913208,1,1024,481,0
4.109499931335449,3,1024,212,0
4.109518766403198,3,1024,213,0
4.118407964706421,2,512,294,0
4.118429899215698,2,512,295,0
4.120997905731201,3,1024,214,0
4.121017932891846,3,1024,215,0
4.1286139488220215,1,1024,482,0
4.128640651702881,1,1024,483,0
4.132436990737915,3,1024,216,0
4.13245964050293,3,1024,217,0
4.142554759979248,2,512,296,0
4.142580032348633,3,1024,218,0
4.142644882202148,2,512,297,0
4.142667055130005,3,1024,219,0
4.152677774429321,1,1024,484,0
4.15270471572876,1,1024,485,0
4.153957843780518,3,1024,220,0
4.153988838195801,3,1024,221,0
4.161533832550049,2,512,298,0
4.16279673576355,2,512,299,0
4.165333032608032,3,1024,222,0
4.165356874465942,3,1024,223,0
4.172972679138184,1,1024,486,0
4.173017740249634,1,1024,487,0
4.176822662353516,3,1024,224,0
4.1768529415130615,3,1024,225,0
4.187079906463623,2,512,300,0
4.187132835388184,3,1024,226,0
4.187164783477783,2,512,301,0
4.18719482421875,3,1024,227,0
4.193534851074219,1,1024,488,0
4.193570852279663,1,1024,489,0
4.19864296913147,3,1024,228,0
4.198681831359863,3,1024,229,0
4.203802824020386,2,512,302,0
4.207653760910034,3,1024,230,0
4.207696914672852,2,512,303,0
4.210231781005859,3,1024,231,0
4.21787691116333,1,1024,490,0
4.217912673950195,3,1024,232,0
4.217948913574219,1,1024,491,0
4.220249891281128,3,1024,233,0
4.225395917892456,2,512,304,0
4.227961778640747,2,512,305,0
4.229273796081543,3,1024,234,0
4.230565786361694,3,1024,235,0
4.237037897109985,1,1024,492,0
4.238387823104858,1,1024,493,0
4.240944862365723,3,1024,236,0
4.241020917892456,3,1024,237,0
4.248567819595337,2,512,306,0
4.2486279010772705,2,512,307,0
4.252352714538574,3,1024,238,0
4.252431869506836,3,1024,239,0
4.2623748779296875,1,1024,494,0
4.262495994567871,3,1024,240,0
4.262556791305542,1,1024,495,0
4.262605667114258,3,1024,241,0
4.271313905715942,2,512,308,0
4.2714009284973145,2,512,309,0
4.275089979171753,3,1024,242,0
4.2751569747924805,3,1024,243,0
4.278954982757568,1,1024,496,0
4.282826900482178,1,1024,497,0
4.284132719039917,3,1024,244,0
4.2854390144348145,3,1024,245,0
4.28933572769165,2,512,310,0
4.29066276550293,2,512,311,0
4.295742988586426,3,1024,246,0
4.2958197593688965,3,1024,247,0
4.299612998962402,1,1024,498,0
4.302225828170776,1,1024,499,0
4.30739688873291,3,1024,248,0
4.307568788528442,3,1024,249,0
4.312595844268799,2,512,312,0
4.312725782394409,2,512,313,0
4.326183795928955,3,1024,250,0
4.326514959335327,3,1024,251,0
4.327375888824463,1,1024,500,0
4.327549934387207,3,1024,252,0
4.32765793800354,1,1024,501,0
4.328803777694702,3,1024,253,0
4.335783958435059,2,512,314,0
4.336103916168213,2,512,315,0
4.340008974075317,3,1024,254,0
4.340229749679565,3,1024,255,0
4.346390724182129,1,1024,502,0
4.347776651382446,1,1024,503,0
4.351717948913574,3,1024,256,0
4.351885795593262,3,1024,257,0
4.354829788208008,2,512,316,0
4.357443809509277,2,512,317,0
4.361259698867798,3,1024,258,0
4.361313819885254,3,1024,259,0
4.3700549602508545,1,1024,504,0
4.370136737823486,1,1024,505,0
4.373968839645386,3,1024,260,0
4.374010801315308,3,1024,261,0
4.379163980484009,2,512,318,0
4.379317998886108,2,512,319,0
4.3843300342559814,3,1024,262,0
4.384515762329102,3,1024,263,0
4.392225742340088,1,1024,506,0
4.392340898513794,1,1024,507,0
4.39479398727417,3,1024,264,0
4.394842863082886,3,1024,265,0
4.398653984069824,2,512,320,0
4.398709058761597,2,512,321,0
4.406400680541992,3,1024,266,0
4.406588792800903,3,1024,267,0
4.411618709564209,1,1024,508,0
4.41172194480896,1,1024,509,0
4.418091058731079,3,1024,268,0
4.4181907176971436,3,1024,269,0
4.419390916824341,2,512,322,0
4.419432878494263,2,512,323,0
4.428315877914429,3,1024,270,0
4.42837381362915,3,1024,271,0
4.4321370124816895,1,1024,510,0
4.43218207359314,1,1024,511,0
4.438544750213623,3,1024,272,0
4.438613653182983,3,1024,273,0
4.441161870956421,2,512,324,0
4.441231727600098,2,512,325,0
4.4500908851623535,3,1024,274,0
4.450150966644287,3,1024,275,0
4.453950881958008,1,1024,512,0
4.453999757766724,1,1024,513,0
4.459112882614136,3,1024,276,0
4.460613965988159,3,1024,277,0
4.46315598487854,2,512,326,0
4.463218927383423,2,512,327,0
4.47071385383606,3,1024,278,0
4.470932960510254,3,1024,279,0
4.478020906448364,1,1024,514,0
4.4780988693237305,1,1024,515,0
4.483193874359131,3,1024,280,0
4.483325958251953,3,1024,281,0
4.483392715454102,2,512,328,0
4.483438730239868,2,512,329,0
4.4922778606414795,3,1024,282,0
4.492389917373657,3,1024,283,0
4.494869709014893,1,1024,516,0
4.49873685836792,1,1024,517,0
4.50389289855957,2,512,330,0
4.504054069519043,3,1024,284,0
4.504155874252319,2,512,331,0
4.5042219161987305,3,1024,285,0
4.514302015304565,3,1024,286,0
4.514423847198486,3,1024,287,0
4.5168068408966064,1,1024,518,0
4.519434928894043,1,1024,519,0
4.5258660316467285,2,512,332,0
4.526026010513306,3,1024,288,0
4.526151895523071,2,512,333,0
4.526262044906616,3,1024,289,0
4.536327838897705,3,1024,290,0
4.53646183013916,3,1024,291,0
4.540322780609131,1,1024,520,0
4.54049277305603,1,1024,521,0
4.548171758651733,2,512,334,0
4.548320770263672,3,1024,292,0
4.5484418869018555,2,512,335,0
4.548552989959717,3,1024,293,0
4.558609962463379,3,1024,294,0
4.558791875839233,3,1024,295,0
4.562627792358398,1,1024,522,0
4.562760829925537,1,1024,523,0
4.569070816040039,3,1024,296,0
4.56918478012085,3,1024,297,0
4.570498704910278,2,512,336,0
4.570693731307983,2,512,337,0
4.580868721008301,3,1024,298,0
4.581040859222412,3,1024,299,0
4.584886074066162,1,1024,524,0
4.585025787353516,1,1024,525,0
4.590052843093872,2,512,338,0
4.591340780258179,3,1024,300,0
4.591500759124756,2,512,339,0
4.591643810272217,3,1024,301,0
4.601790904998779,3,1024,302,0
4.601930856704712,3,1024,303,0
4.605754852294922,1,1024,526,0
4.605936765670776,1,1024,527,0
4.612069845199585,2,512,340,0
4.612250804901123,2,512,341,0
4.612383842468262,3,1024,304,0
4.612492799758911,3,1024,305,0
4.625035762786865,3,1024,306,0
4.625239849090576,3,1024,307,0
4.628976821899414,1,1024,528,0
4.629118919372559,1,1024,529,0
4.635599851608276,2,512,342,0
4.635767698287964,3,1024,308,0
4.635919809341431,2,512,343,0
4.6360557079315186,3,1024,309,0
4.646070718765259,3,1024,310,0
4.646251678466797,3,1024,311,0
4.650096893310547,1,1024,530,0
4.650232791900635,1,1024,531,0
4.655346870422363,2,512,344,0
4.656704664230347,3,1024,312,0
4.656872987747192,2,512,345,0
4.657005786895752,3,1024,313,0
4.665781021118164,3,1024,314,0
4.665924787521362,3,1024,315,0
4.671072006225586,1,1024,532,0
4.671291828155518,1,1024,533,0
4.677592754364014,2,512,346,0
4.677775859832764,2,512,347,0
4.679044723510742,3,1024,316,0
4.679164886474609,3,1024,317,0
4.686836004257202,3,1024,318,0
4.689242839813232,3,1024,319,0
4.694384813308716,1,1024,534,0
4.6945319175720215,1,1024,535,0
4.699612855911255,3,1024,320,0
4.699761867523193,3,1024,321,0
4.700990915298462,2,512,348,0
4.701108932495117,2,512,349,0
4.71136474609375,3,1024,322,0
4.712002754211426,3,1024,323,0
4.713310956954956,1,1024,536,0
4.714651823043823,1,1024,537,0
4.721129894256592,2,512,350,0
4.721306800842285,3,1024,324,0
4.721451044082642,2,512,351,0
4.721571683883667,3,1024,325,0
4.732928037643433,3,1024,326,0
4.7330896854400635,3,1024,327,0
4.733222961425781,1,1024,538,0
4.735574722290039,1,1024,539,0
4.743034839630127,2,512,352,0
4.7432167530059814,3,1024,328,0
4.743358850479126,2,512,353,0
4.743488073348999,3,1024,329,0
4.754868030548096,3,1024,330,0
4.755119800567627,3,1024,331,0
4.756251811981201,1,1024,540,0
4.756399869918823,1,1024,541,0
4.764075756072998,3,1024,332,0
4.765427827835083,3,1024,333,0
4.7655580043792725,2,512,354,0
4.765673875808716,2,512,355,0
4.7759058475494385,3,1024,334,0
4.7761077880859375,1,1024,542,0
4.776261806488037,3,1024,335,0
4.777347803115845,1,1024,543,0
4.7864158153533936,2,512,356,0
4.786678075790405,2,512,357,0
4.786839723587036,3,1024,336,0
4.786989688873291,3,1024,337,0
4.79709792137146,1,1024,544,0
4.797261714935303,1,1024,545,0
4.79827094078064,3,1024,338,0
4.79841685295105,3,1024,339,0
4.808459043502808,2,512,358,0
4.808647871017456,2,512,359,0
4.809849739074707,3,1024,340,0
4.809970855712891,3,1024,341,0
4.817645788192749,1,1024,546,0
4.817790985107422,1,1024,547,0
4.821599960327148,3,1024,342,0
4.821744918823242,3,1024,343,0
4.830641984939575,2,512,360,0
4.830776691436768,2,512,361,0
4.831857919692993,3,1024,344,0
4.831969738006592,3,1024,345,0
4.842168807983398,1,1024,548,0
4.842352867126465,1,1024,549,0
4.8436198234558105,3,1024,346,0
4.84382700920105,3,1024,347,0
4.8489158153533936,2,512,362,0
4.850183963775635,2,512,363,0
4.853910684585571,3,1024,348,0
4.854189872741699,3,1024,349,0
4.861560821533203,1,1024,550,0
4.862875938415527,1,1024,551,0
4.865436792373657,3,1024,350,0
4.865501880645752,3,1024,351,0
4.873158931732178,2,512,364,0
4.873291730880737,2,512,365,0
4.875791788101196,3,1024,352,0
4.875913858413696,3,1024,353,0
4.886257886886597,1,1024,552,0
4.886523962020874,1,1024,553,0
4.888904809951782,3,1024,354,0
4.889019966125488,3,1024,355,0
4.8915488719940186,2,512,366,0
4.894139766693115,2,512,367,0
4.8979878425598145,3,1024,356,0
4.898102760314941,3,1024,357,0
4.903165817260742,1,1024,554,0
4.907102823257446,1,1024,555,0
4.90969181060791,3,1024,358,0
4.909795761108398,3,1024,359,0
4.91235089302063,2,512,368,0
4.9136738777160645,2,512,369,0
4.920163869857788,3,1024,360,0
4.920303821563721,3,1024,361,0
4.924084901809692,1,1024,556,0
4.926693916320801,1,1024,557,0
4.930558919906616,3,1024,362,0
4.930670738220215,3,1024,363,0
4.933260679244995,2,512,370,0
4.934591054916382,2,512,371,0
4.9422688484191895,3,1024,364,0
4.942413806915283,3,1024,365,0
4.947473764419556,1,1024,558,0
4.947605609893799,1,1024,559,0
4.9527058601379395,3,1024,366,0
4.952859878540039,3,1024,367,0
4.9579877853393555,2,512,372,0
4.958106756210327,2,512,373,0
4.963181734085083,3,1024,368,0
4.9633049964904785,3,1024,369,0
4.972066879272461,1,1024,560,0
4.972209930419922,1,1024,561,0
4.974648714065552,3,1024,370,0
4.9747538566589355,3,1024,371,0
4.978556871414185,2,512,374,0
4.9786717891693115,2,512,375,0
4.985094785690308,3,1024,372,0
4.98521876335144,3,1024,373,0
4.991595029830933,1,1024,562,0
4.992924928665161,1,1024,563,0
4.996862888336182,3,1024,374,0
4.997008800506592,3,1024,375,0
4.997146844863892,2,512,376,0
4.9996337890625,2,512,377,0
5.00609278678894,3,1024,376,0
5.0074238777160645,3,1024,377,0
5.016369819641113,1,1024,564,0
5.016503810882568,1,1024,565,0
5.0177459716796875,3,1024,378,0
5.017849922180176,3,1024,379,0
5.021755933761597,2,512,378,0
5.021885871887207,2,512,379,0
5.029458999633789,3,1024,380,0
5.029565811157227,3,1024,381,0
5.033379793167114,1,1024,566,0
5.037176847457886,1,1024,567,0
5.039679050445557,3,1024,382,0
5.039803981781006,3,1024,383,0
5.043383836746216,2,512,380,0
5.043492794036865,2,512,381,0
5.052242994308472,3,1024,384,0
5.052375793457031,3,1024,385,0
5.0573718547821045,1,1024,568,0
5.058537006378174,1,1024,569,0
5.061162948608398,2,512,382,0
5.062484979629517,3,1024,386,0
5.062598943710327,3,1024,387,0
5.062703847885132,2,512,383,0
5.07414984703064,3,1024,388,0
5.0743019580841064,3,1024,389,0
5.081880807876587,1,1024,570,0
5.082009792327881,1,1024,571,0
5.084604978561401,2,512,384,0
5.084719896316528,3,1024,390,0
5.0848188400268555,2,512,385,0
5.08491587638855,3,1024,391,0
5.096239805221558,3,1024,392,0
5.096363067626953,3,1024,393,0
5.102723836898804,1,1024,572,0
5.1028947830200195,1,1024,573,0
5.106629848480225,2,512,386,0
5.106729030609131,3,1024,394,0
5.106810808181763,2,512,387,0
5.106881856918335,3,1024,395,0
5.116927862167358,3,1024,396,0
5.117031812667847,3,1024,397,0
5.123385906219482,1,1024,574,0
5.123509883880615,1,1024,575,0
5.128590822219849,2,512,388,0
5.1287009716033936,3,1024,398,0
5.12880277633667,2,512,389,0
5.128898859024048,3,1024,399,0
5.13898777961731,3,1024,400,0
5.139147043228149,3,1024,401,0
5.144267797470093,1,1024,576,0
5.1443867683410645,1,1024,577,0
5.150727987289429,2,512,390,0
5.1508448123931885,2,512,391,0
5.1521217823028564,3,1024,402,0
5.152249813079834,3,1024,403,0
5.1610047817230225,3,1024,404,0
5.16233491897583,3,1024,405,0
5.168816804885864,1,1024,578,0
5.168938875198364,1,1024,579,0
5.170139789581299,2,512,392,0
5.1714088916778564,3,1024,406,0
5.171551942825317,2,512,393,0
5.172801733016968,3,1024,407,0
5.182771921157837,3,1024,408,0
5.1828978061676025,3,1024,409,0
5.186723709106445,1,1024,580,0
5.1893157958984375,1,1024,581,0
5.194539785385132,3,1024,410,0
5.194664001464844,3,1024,411,0
5.195915699005127,2,512,394,0
5.196022033691406,2,512,395,0
5.20367169380188,3,1024,412,0
5.204990863800049,3,1024,413,0
5.208867788314819,1,1024,582,0
5.208997964859009,1,1024,583,0
5.215327978134155,2,512,396,0
5.2154457569122314,3,1024,414,0
5.215548992156982,2,512,397,0
5.215644836425781,3,1024,415,0
5.2273149490356445,3,1024,416,0
5.227441787719727,3,1024,417,0
5.230068922042847,1,1024,584,0
5.230181932449341,1,1024,585,0
5.23657488822937,2,512,398,0
5.236739873886108,2,512,399,0
5.237989902496338,3,1024,418,0
5.238128900527954,3,1024,419,0
5.249706029891968,3,1024,420,0
5.249952077865601,3,1024,421,0
5.252235651016235,1,1024,586,0
5.252373695373535,1,1024,587,0
5.2575907707214355,2,512,400,0
5.257807731628418,2,512,401,0
5.260252952575684,3,1024,422,0
5.2604029178619385,3,1024,423,0
5.271831750869751,3,1024,424,0
5.272000789642334,3,1024,425,0
5.274465799331665,1,1024,588,0
5.274585723876953,1,1024,589,0
5.280929803848267,2,512,402,0
5.281047821044922,3,1024,426,0
5.281142711639404,2,512,403,0
5.2834718227386475,3,1024,427,0
5.292516708374023,1,1024,590,0
5.292696714401245,3,1024,428,0
5.2938737869262695,3,1024,429,0
5.29517388343811,1,1024,591,0
5.3014748096466064,2,512,404,0
5.3016157150268555,2,512,405,0
5.30290675163269,3,1024,430,0
5.304239749908447,3,1024,431,0
5.314443826675415,1,1024,592,0
5.31457781791687,3,1024,432,0
5.314677000045776,3,1024,433,0
5.315835952758789,1,1024,593,0
5.322256803512573,2,512,406,0
5.322413682937622,2,512,407,0
5.326160907745361,3,1024,434,0
5.326269865036011,3,1024,435,0
5.335288763046265,3,1024,436,0
5.336643695831299,3,1024,437,0
5.339315891265869,1,1024,594,0
5.339503765106201,1,1024,595,0
5.34549880027771,2,512,408,0
5.34567403793335,2,512,409,0
5.346983909606934,3,1024,438,0
5.347158670425415,3,1024,439,0
5.356051921844482,1,1024,596,0
5.356224775314331,3,1024,440,0
5.357440710067749,3,1024,441,0
5.360033750534058,1,1024,597,0
5.3651978969573975,2,512,410,0
5.365386009216309,2,512,411,0
5.369257926940918,3,1024,442,0
5.369622707366943,3,1024,443,0
5.378408908843994,1,1024,598,0
5.379684925079346,3,1024,444,0
5.379773855209351,1,1024,599,0
5.379825830459595,3,1024,445,0
5.3861517906188965,2,512,412,0
5.386292934417725,2,512,413,0
5.391347885131836,3,1024,446,0
5.391573667526245,3,1024,447,0
5.400338888168335,1,1024,600,0
5.40056586265564,3,1024,448,0
5.4006617069244385,1,1024,601,0
5.401731729507446,3,1024,449,0
5.405576944351196,2,512,414,0
5.406913757324219,2,512,415,0
5.412028789520264,3,1024,450,0
5.412150859832764,3,1024,451,0
5.422111988067627,3,1024,452,0
5.422292947769165,3,1024,453,0
5.4234559535980225,1,1024,602,0
5.423580884933472,1,1024,603,0
5.426072835922241,2,512,416,0
5.4273998737335205,2,512,417,0
5.433826684951782,3,1024,454,0
5.43395471572876,3,1024,455,0
5.442975044250488,1,1024,604,0
5.443183898925781,3,1024,456,0
5.444246768951416,1,1024,605,0
5.444416046142578,3,1024,457,0
5.4520556926727295,2,512,418,0
5.452258825302124,2,512,419,0
5.4559807777404785,3,1024,458,0
5.456053018569946,3,1024,459,0
5.466108798980713,1,1024,606,0
5.466155052185059,3,1024,460,0
5.466188669204712,1,1024,607,0
5.466219663619995,3,1024,461,0
5.468690872192383,2,512,420,0
5.472488880157471,2,512,421,0
5.476271867752075,3,1024,462,0
5.47629976272583,3,1024,463,0
5.487558841705322,3,1024,464,0
5.487591981887817,3,1024,465,0
5.488861799240112,1,1024,608,0
5.488886833190918,1,1024,609,0
5.490131855010986,2,512,422,0
5.492660999298096,2,512,423,0
5.499062776565552,3,1024,466,0
5.49909782409668,3,1024,467,0
5.509298801422119,3,1024,468,0
5.509330987930298,3,1024,469,0
5.510624647140503,1,1024,610,0
5.510650873184204,1,1024,611,0
5.5131919384002686,2,512,424,0
5.5132269859313965,2,512,425,0
5.518310785293579,3,1024,470,0
5.518336772918701,3,1024,471,0
5.529793739318848,3,1024,472,0
5.529821872711182,3,1024,473,0
5.532352685928345,1,1024,612,0
5.532379865646362,1,1024,613,0
5.537473678588867,2,512,426,0
5.53750467300415,2,512,427,0
5.541339874267578,3,1024,474,0
5.541384935379028,3,1024,475,0
5.548847913742065,3,1024,476,0
5.5514068603515625,1,1024,614,0
5.55143666267395,3,1024,477,0
5.553997755050659,1,1024,615,0
5.5553059577941895,2,512,428,0
5.559165000915527,2,512,429,0
5.561748027801514,3,1024,478,0
5.561779975891113,3,1024,479,0
5.573195695877075,1,1024,616,0
5.57322883605957,3,1024,480,0
5.573257923126221,1,1024,617,0
5.573286771774292,3,1024,481,0
5.579655885696411,2,512,430,0
5.579705715179443,2,512,431,0
5.583496809005737,3,1024,482,0
5.583540916442871,3,1024,483,0
5.596247673034668,1,1024,618,0
5.596300840377808,3,1024,484,0
5.596336841583252,1,1024,619,0
5.5963709354400635,3,1024,485,0
5.603973865509033,2,512,432,0
5.604026794433594,2,512,433,0
5.60529088973999,3,1024,486,0
5.60659384727478,3,1024,487,0
5.61814284324646,1,1024,620,0
5.618314027786255,3,1024,488,0
5.618377923965454,1,1024,621,0
5.618422031402588,3,1024,489,0
5.623293876647949,2,512,434,0
5.623372793197632,2,512,435,0
5.6271538734436035,3,1024,490,0
5.628448009490967,3,1024,491,0
5.639641761779785,1,1024,622,0
5.639745712280273,3,1024,492,0
5.6398069858551025,1,1024,623,0
5.639856815338135,3,1024,493,0
5.644835710525513,2,512,436,0
5.64491081237793,2,512,437,0
5.649963855743408,3,1024,494,0
5.650029897689819,3,1024,495,0
5.659937858581543,3,1024,496,0
5.660071849822998,3,1024,497,0
5.6601526737213135,1,1024,624,0
5.66021990776062,1,1024,625,0
5.6688337326049805,2,512,438,0
5.668962717056274,2,512,439,0
5.670261859893799,3,1024,498,0
5.670390844345093,3,1024,499,0
5.683184862136841,3,1024,500,0
5.683368921279907,1,1024,626,0
5.683480739593506,3,1024,501,0
5.683588743209839,1,1024,627,0
5.687281847000122,2,512,440,0
5.688630819320679,2,512,441,0
5.6935789585113525,3,1024,502,0
5.693692922592163,3,1024,503,0
5.703910827636719,1,1024,628,0
5.704044818878174,3,1024,504,0
5.704156875610352,1,1024,629,0
5.704258680343628,3,1024,505,0
5.711747884750366,2,512,442,0
5.7118799686431885,2,512,443,0
5.715670824050903,3,1024,506,0
5.715792894363403,3,1024,507,0
5.727254629135132,3,1024,508,0
5.727398872375488,3,1024,509,0
5.728627920150757,1,1024,630,0
5.72873592376709,1,1024,631,0
5.730006694793701,2,512,444,0
5.731338024139404,2,512,445,0
5.737773895263672,3,1024,510,0
5.737917900085449,3,1024,511,0
5.74687385559082,1,1024,632,0
5.748216867446899,3,1024,512,0
5.748338937759399,3,1024,513,0
5.749578952789307,1,1024,633,0
5.754620790481567,2,512,446,0
5.754759788513184,2,512,447,0
5.760708808898926,3,1024,514,0
5.760834693908691,3,1024,515,0
5.769584894180298,1,1024,634,0
5.769692897796631,3,1024,516,0
5.77004075050354,1,1024,635,0
5.771031856536865,3,1024,517,0
5.776170969009399,2,512,448,0
5.776300668716431,2,512,449,0
5.781440019607544,3,1024,518,0
5.781560897827148,3,1024,519,0
5.79171895980835,1,1024,636,0
5.791859865188599,1,1024,637,0
5.791968822479248,3,1024,520,0
5.7920756340026855,3,1024,521,0
5.798375844955444,2,512,450,0
5.7985007762908936,2,512,451,0
5.802381753921509,3,1024,522,0
5.802512884140015,3,1024,523,0
5.811399936676025,1,1024,638,0
5.811541795730591,1,1024,639,0
5.814043760299683,3,1024,524,0
5.814154863357544,3,1024,525,0
5.8206627368927,2,512,452,0
5.820846796035767,2,512,453,0
5.82463002204895,3,1024,526,0
5.824783802032471,3,1024,527,0
5.832298040390015,1,1024,640,0
5.832424879074097,1,1024,641,0
5.836151838302612,3,1024,528,0
5.836214780807495,3,1024,529,0
5.846390008926392,3,1024,530,0
5.84656286239624,3,1024,531,0
5.85547399520874,1,1024,642,0
5.855686902999878,1,1024,643,0
5.859331846237183,3,1024,532,0
5.85944676399231,3,1024,533,0
5.86821985244751,3,1024,534,0
5.869537830352783,3,1024,535,0
5.873453855514526,1,1024,644,0
5.876034736633301,1,1024,645,0
5.8812549114227295,3,1024,536,0
5.8816540241241455,3,1024,537,0
5.890105724334717,3,1024,538,0
5.891248941421509,3,1024,539,0
5.895136833190918,1,1024,646,0
5.895278692245483,1,1024,647,0
5.90162992477417,3,1024,540,0
5.9017369747161865,3,1024,541,0
5.91425085067749,3,1024,542,0
5.914405822753906,3,1024,543,0
5.9194769859313965,1,1024,648,0
5.919597864151001,1,1024,649,0
5.9234747886657715,3,1024,544,0
5.923620939254761,3,1024,545,0
5.9363017082214355,1,1024,650,0
5.936441898345947,3,1024,546,0
5.936547756195068,3,1024,547,0
5.940340995788574,1,1024,651,0
5.946574926376343,3,1024,548,0
5.946710824966431,3,1024,549,0
5.956913948059082,3,1024,550,0
5.957054853439331,3,1024,551,0
5.960827827453613,1,1024,652,0
5.9609458446502686,1,1024,653,0
5.968406677246094,3,1024,552,0
5.968520879745483,3,1024,553,0
5.9787468910217285,3,1024,554,0
5.980288743972778,3,1024,555,0
5.9839558601379395,1,1024,654,0
5.9840757846832275,1,1024,655,0
5.991771936416626,3,1024,556,0
5.9918859004974365,3,1024,557,0
6.002046823501587,1,1024,656,0
6.002167701721191,3,1024,558,0
6.002274751663208,3,1024,559,0
6.003476858139038,1,1024,657,0
6.012450695037842,3,1024,560,0
6.012584924697876,3,1024,561,0
6.022589921951294,3,1024,562,0
6.022731065750122,3,1024,563,0
6.0262908935546875,1,1024,658,0
6.026416778564453,1,1024,659,0
6.032763957977295,3,1024,564,0
6.032886028289795,3,1024,565,0
6.044092893600464,3,1024,566,0
6.044217824935913,3,1024,567,0
6.049274921417236,1,1024,660,0
6.049389839172363,1,1024,661,0
6.054492950439453,3,1024,568,0
6.054621934890747,3,1024,569,0
6.066033840179443,1,1024,662,0
6.066164016723633,3,1024,570,0
6.0662758350372314,3,1024,571,0
6.069946765899658,1,1024,663,0
6.075087785720825,3,1024,572,0
6.076405048370361,3,1024,573,0
6.085197687149048,3,1024,574,0
6.086544752120972,3,1024,575,0
6.090196847915649,1,1024,664,0
6.090335845947266,1,1024,665,0
6.096528768539429,3,1024,576,0
6.096693992614746,3,1024,577,0
6.108142852783203,3,1024,578,0
6.108283758163452,3,1024,579,0
6.110881805419922,1,1024,666,0
6.111017942428589,1,1024,667,0
6.118700742721558,3,1024,580,0
6.118830919265747,3,1024,581,0
6.128988981246948,3,1024,582,0
6.129121780395508,3,1024,583,0
6.132766008377075,1,1024,668,0
6.132917881011963,1,1024,669,0
6.140488862991333,3,1024,584,0
6.140608072280884,3,1024,585,0
6.1507768630981445,3,1024,586,0
6.150944709777832,3,1024,587,0
6.152143716812134,1,1024,670,0
6.152276992797852,1,1024,671,0
6.1611168384552,3,1024,588,0
6.161290884017944,3,1024,589,0
6.172749757766724,1,1024,672,0
6.172889709472656,3,1024,590,0
6.1730029582977295,1,1024,673,0
6.173105955123901,3,1024,591,0
6.183115005493164,3,1024,592,0
6.183244705200195,3,1024,593,0
6.193321943283081,1,1024,674,0
6.193472623825073,3,1024,594,0
6.19359278678894,1,1024,675,0
6.193691968917847,3,1024,595,0
6.205079793930054,3,1024,596,0
6.205256938934326,3,1024,597,0
6.21390700340271,3,1024,598,0
6.21526575088501,1,1024,676,0
6.215383768081665,3,1024,599,0
6.215487003326416,1,1024,677,0
6.226878881454468,3,1024,600,0
6.227061033248901,3,1024,601,0
6.237181901931763,3,1024,602,0
6.237329959869385,3,1024,603,0
6.23855996131897,1,1024,678,0
6.238709926605225,1,1024,679,0
6.248711824417114,3,1024,604,0
6.248867750167847,3,1024,605,0
6.257602691650391,1,1024,680,0
6.25895881652832,1,1024,681,0
6.260112762451172,3,1024,606,0
6.260222911834717,3,1024,607,0
6.2714338302612305,3,1024,608,0
6.2716028690338135,3,1024,609,0
6.281582832336426,1,1024,682,0
6.281718015670776,3,1024,610,0
6.281827688217163,1,1024,683,0
6.281930923461914,3,1024,611,0
6.292998790740967,3,1024,612,0
6.293144702911377,3,1024,613,0
6.303175926208496,3,1024,614,0
6.303323745727539,3,1024,615,0
6.303424835205078,1,1024,684,0
6.303509712219238,1,1024,685,0
6.313182830810547,3,1024,616,0
6.313277006149292,3,1024,617,0
6.323387861251831,1,1024,686,0
6.324765920639038,3,1024,618,0
6.324894905090332,1,1024,687,0
6.325004816055298,3,1024,619,0
6.334996938705444,3,1024,620,0
6.335166931152344,3,1024,621,0
6.345296859741211,3,1024,622,0
6.345483779907227,3,1024,623,0
6.345605850219727,1,1024,688,0
6.345674991607666,1,1024,689,0
6.355849981307983,3,1024,624,0
6.356072902679443,3,1024,625,0
6.3660900592803955,1,1024,690,0
6.366294860839844,1,1024,691,0
6.367387771606445,3,1024,626,0
6.367458820343018,3,1024,627,0
6.378901720046997,3,1024,628,0
6.379070997238159,3,1024,629,0
6.387890815734863,1,1024,692,0
6.388067722320557,3,1024,630,0
6.38818097114563,1,1024,693,0
6.388279676437378,3,1024,631,0
6.39963698387146,3,1024,632,0
6.399784803390503,3,1024,633,0
6.409972906112671,3,1024,634,0
6.410118818283081,3,1024,635,0
6.411344766616821,1,1024,694,0
6.41144871711731,1,1024,695,0
6.421398639678955,3,1024,636,0
6.4215476512908936,3,1024,637,0
6.43166184425354,3,1024,638,0
6.431797981262207,3,1024,639,0
6.433028936386108,1,1024,696,0
6.433145761489868,1,1024,697,0
6.441878795623779,3,1024,640,0
6.4420177936553955,3,1024,641,0
6.4534149169921875,3,1024,642,0
6.4535768032073975,3,1024,643,0
6.453707695007324,1,1024,698,0
6.453810930252075,1,1024,699,0
6.46391487121582,3,1024,644,0
6.464017868041992,3,1024,645,0
6.4754157066345215,3,1024,646,0
6.475649833679199,3,1024,647,0
6.478076934814453,1,1024,700,0
6.478205919265747,1,1024,701,0
6.484557867050171,3,1024,648,0
6.486802816390991,3,1024,649,0
6.495743989944458,1,1024,702,0
6.495887756347656,3,1024,650,0
6.497102737426758,3,1024,651,0
6.498455762863159,1,1024,703,0
6.508648872375488,3,1024,652,0
6.508797883987427,3,1024,653,0
6.518683910369873,3,1024,654,0
6.518803834915161,3,1024,655,0
6.520052909851074,1,1024,704,0
6.520172834396362,1,1024,705,0
6.5303449630737305,3,1024,656,0
6.530497789382935,3,1024,657,0
6.538148880004883,1,1024,706,0
6.540748834609985,3,1024,658,0
6.540870904922485,1,1024,707,0
6.54097580909729,3,1024,659,0
6.552372932434082,3,1024,660,0
6.552483797073364,3,1024,661,0
6.562704801559448,1,1024,708,0
6.56283974647522,3,1024,662,0
6.562956809997559,1,1024,709,0
6.563058853149414,3,1024,663,0
6.575592994689941,3,1024,664,0
6.575729846954346,3,1024,665,0
6.582042932510376,1,1024,710,0
6.583374738693237,1,1024,711,0
6.584713935852051,3,1024,666,0
6.584841966629028,3,1024,667,0
6.597592830657959,3,1024,668,0
6.5977489948272705,3,1024,669,0
6.606457710266113,1,1024,712,0
6.606604814529419,3,1024,670,0
6.606731653213501,1,1024,713,0
6.607882022857666,3,1024,671,0
6.616911888122559,3,1024,672,0
6.618236780166626,3,1024,673,0
6.624541997909546,1,1024,714,0
6.627143859863281,1,1024,715,0
6.628483772277832,3,1024,674,0
6.628591775894165,3,1024,675,0
6.639912843704224,3,1024,676,0
6.640092849731445,3,1024,677,0
6.647580862045288,1,1024,716,0
6.647727727890015,1,1024,717,0
6.650306701660156,3,1024,678,0
6.6504199504852295,3,1024,679,0
6.66321587562561,3,1024,680,0
6.663384675979614,3,1024,681,0
6.668384075164795,1,1024,718,0
6.668510913848877,1,1024,719,0
6.672134876251221,3,1024,682,0
6.673476934432983,3,1024,683,0
6.684957981109619,3,1024,684,0
6.685081720352173,3,1024,685,0
6.692595958709717,1,1024,720,0
6.692724943161011,1,1024,721,0
6.695220947265625,3,1024,686,0
6.695282936096191,3,1024,687,0
6.706670761108398,3,1024,688,0
6.70672082901001,3,1024,689,0
6.7105348110198975,1,1024,722,0
6.714391708374023,1,1024,723,0
6.716952800750732,3,1024,690,0
6.71700382232666,3,1024,691,0
6.728489875793457,3,1024,692,0
6.72862696647644,3,1024,693,0
6.734903812408447,1,1024,724,0
6.734964847564697,1,1024,725,0
6.738749980926514,3,1024,694,0
6.7388269901275635,3,1024,695,0
6.750231742858887,3,1024,696,0
6.750316858291626,3,1024,697,0
6.756620645523071,1,1024,726,0
6.756723880767822,1,1024,727,0
6.760488986968994,3,1024,698,0
6.76056981086731,3,1024,699,0
6.7720787525177,3,1024,700,0
6.7722487449646,3,1024,701,0
6.778533935546875,1,1024,728,0
6.778652906417847,1,1024,729,0
6.783783912658691,3,1024,702,0
6.783942937850952,3,1024,703,0
6.792827844619751,3,1024,704,0
6.794145822525024,3,1024,705,0
6.799361705780029,1,1024,730,0
6.799485921859741,1,1024,731,0
6.8045878410339355,3,1024,706,0
6.804733991622925,3,1024,707,0
6.8161938190460205,3,1024,708,0
6.816321849822998,3,1024,709,0
6.822721719741821,1,1024,732,0
6.822851896286011,1,1024,733,0
6.826647758483887,3,1024,710,0
6.826769828796387,3,1024,711,0
6.8380067348480225,3,1024,712,0
6.838157892227173,3,1024,713,0
6.841787815093994,1,1024,734,0
6.843113899230957,1,1024,735,0
6.848312854766846,3,1024,714,0
6.848428726196289,3,1024,715,0
6.861004829406738,3,1024,716,0
6.861231803894043,3,1024,717,0
6.863587856292725,1,1024,736,0
6.8636767864227295,1,1024,737,0
6.869958877563477,3,1024,718,0
6.871296644210815,3,1024,719,0
6.882735729217529,3,1024,720,0
6.8828558921813965,3,1024,721,0
6.887704849243164,1,1024,738,0
6.887825965881348,1,1024,739,0
6.892822742462158,3,1024,722,0
6.892884016036987,3,1024,723,0
6.904002666473389,3,1024,724,0
6.904192686080933,3,1024,725,0
6.904309988021851,1,1024,740,0
6.908041000366211,1,1024,741,0
6.9156999588012695,3,1024,726,0
6.915815830230713,3,1024,727,0
6.925955772399902,3,1024,728,0
6.926100969314575,3,1024,729,0
6.928591728210449,1,1024,742,0
6.9287028312683105,1,1024,743,0
6.93762469291687,3,1024,730,0
6.937769889831543,3,1024,731,0
6.947864770889282,3,1024,732,0
6.947983741760254,3,1024,733,0
6.953061819076538,1,1024,744,0
6.953167915344238,1,1024,745,0
6.958108901977539,3,1024,734,0
6.958251714706421,3,1024,735,0
6.969719886779785,3,1024,736,0
6.969879865646362,3,1024,737,0
6.973649978637695,1,1024,746,0
6.973768949508667,1,1024,747,0
6.980101823806763,3,1024,738,0
6.980222940444946,3,1024,739,0
6.990224838256836,3,1024,740,0
6.990360736846924,3,1024,741,0
6.995393753051758,1,1024,748,0
6.9955058097839355,1,1024,749,0
7.001760005950928,3,1024,742,0
7.001882791519165,3,1024,743,0
7.0121378898620605,3,1024,744,0
7.012295961380005,3,1024,745,0
7.0147857666015625,1,1024,750,0
7.014896869659424,1,1024,751,0
7.025052785873413,3,1024,746,0
7.025191783905029,3,1024,747,0
7.034064769744873,3,1024,748,0
7.035446643829346,3,1024,749,0
7.03813099861145,1,1024,752,0
7.038352966308594,1,1024,753,0
7.04721474647522,3,1024,750,0
7.047415733337402,3,1024,751,0
7.056333780288696,1,1024,754,0
7.057641983032227,3,1024,752,0
7.057795763015747,1,1024,755,0
7.0579118728637695,3,1024,753,0
7.069210767745972,3,1024,754,0
7.069345712661743,3,1024,755,0
7.079490661621094,1,1024,756,0
7.079624891281128,3,1024,756,0
7.079730987548828,1,1024,757,0
7.079829692840576,3,1024,757,0
7.0911476612091064,3,1024,758,0
7.091285705566406,3,1024,759,0
7.098883867263794,1,1024,758,0
7.098998785018921,1,1024,759,0
7.10153603553772,3,1024,760,0
7.101656675338745,3,1024,761,0
7.112900733947754,3,1024,762,0
7.113052845001221,3,1024,763,0
7.1205198764801025,1,1024,760,0
7.120684862136841,1,1024,761,0
7.1231749057769775,3,1024,764,0
7.123292922973633,3,1024,765,0
7.134724855422974,3,1024,766,0
7.134851694107056,3,1024,767,0
7.142452001571655,1,1024,762,0
7.142586946487427,1,1024,763,0
7.1451756954193115,3,1024,768,0
7.14531683921814,3,1024,769,0
7.155298709869385,3,1024,770,0
7.155429840087891,3,1024,771,0
7.162816762924194,1,1024,764,0
7.162940979003906,1,1024,765,0
7.166752815246582,3,1024,772,0
7.1668689250946045,3,1024,773,0
7.175620794296265,3,1024,774,0
7.176973819732666,3,1024,775,0
7.186836004257202,1,1024,766,0
7.187016010284424,3,1024,776,0
7.187151908874512,1,1024,767,0
7.188249826431274,3,1024,777,0
7.197083950042725,3,1024,778,0
7.198431015014648,3,1024,779,0
7.206203937530518,1,1024,768,0
7.206390857696533,1,1024,769,0
7.207540988922119,3,1024,780,0
7.208870887756348,3,1024,781,0
7.220134973526001,3,1024,782,0
7.22030782699585,3,1024,783,0
7.229147911071777,1,1024,770,0
7.229311943054199,1,1024,771,0
7.2294299602508545,3,1024,784,0
7.230618953704834,3,1024,785,0
7.24084997177124,3,1024,786,0
7.240998983383179,3,1024,787,0
7.251226902008057,1,1024,772,0
7.251384735107422,3,1024,788,0
7.251502752304077,1,1024,773,0
7.251605033874512,3,1024,789,0
7.26283597946167,3,1024,790,0
7.262997627258301,3,1024,791,0
7.271934986114502,1,1024,774,0
7.272094011306763,1,1024,775,0
7.2731568813323975,3,1024,792,0
7.273289918899536,3,1024,793,0
7.284806966781616,3,1024,794,0
7.284953832626343,3,1024,795,0
7.295083045959473,1,1024,776,0
7.295240879058838,1,1024,777,0
7.296448707580566,3,1024,796,0
7.296559810638428,3,1024,797,0
7.3054609298706055,3,1024,798,0
7.3068296909332275,3,1024,799,0
7.31575083732605,1,1024,778,0
7.315854787826538,1,1024,779,0
7.318359851837158,3,1024,800,0
7.318448781967163,3,1024,801,0
7.328428745269775,3,1024,802,0
7.328568696975708,3,1024,803,0
7.337308883666992,1,1024,780,0
7.337471961975098,3,1024,804,0
7.337613821029663,1,1024,781,0
7.338759899139404,3,1024,805,0
7.3486998081207275,3,1024,806,0
7.348896026611328,3,1024,807,0
7.3602588176727295,1,1024,782,0
7.360409736633301,3,1024,808,0
7.360527753829956,1,1024,783,0
7.360634803771973,3,1024,809,0
7.370719909667969,3,1024,810,0
7.370923757553101,3,1024,811,0
7.38221287727356,1,1024,784,0
7.382339715957642,3,1024,812,0
7.382400035858154,1,1024,785,0
7.382452011108398,3,1024,813,0
7.392478942871094,3,1024,814,0
7.392680883407593,3,1024,815,0
7.4040257930755615,3,1024,816,0
7.404288053512573,3,1024,817,0
7.405352830886841,1,1024,786,0
7.405457973480225,1,1024,787,0
7.414346933364868,3,1024,818,0
7.414515972137451,3,1024,819,0
7.425926923751831,1,1024,788,0
7.426081657409668,3,1024,820,0
7.426187753677368,1,1024,789,0
7.42628288269043,3,1024,821,0
7.4362688064575195,3,1024,822,0
7.4364049434661865,3,1024,823,0
7.447850942611694,1,1024,790,0
7.448003768920898,1,1024,791,0
7.449220895767212,3,1024,824,0
7.449331998825073,3,1024,825,0
7.459483861923218,3,1024,826,0
7.45963191986084,3,1024,827,0
7.470885753631592,1,1024,792,0
7.471047878265381,3,1024,828,0
7.471162796020508,1,1024,793,0
7.471266746520996,3,1024,829,0
7.48096489906311,3,1024,830,0
7.481105804443359,3,1024,831,0
7.491084814071655,1,1024,794,0
7.491228818893433,1,1024,795,0
7.493644714355469,3,1024,832,0
7.493765830993652,3,1024,833,0
7.50376296043396,3,1024,834,0
7.50390100479126,3,1024,835,0
7.515100955963135,1,1024,796,0
7.515236854553223,1,1024,797,0
7.516490936279297,3,1024,836,0
7.516610860824585,3,1024,837,0
7.525243759155273,3,1024,838,0
7.526560068130493,3,1024,839,0
7.53420877456665,1,1024,798,0
7.53554892539978,1,1024,799,0
7.538054943084717,3,1024,840,0
7.538184881210327,3,1024,841,0
7.548402786254883,3,1024,842,0
7.548523664474487,3,1024,843,0
7.557482957839966,1,1024,800,0
7.557618856430054,1,1024,801,0
7.5588579177856445,3,1024,844,0
7.558974981307983,3,1024,845,0
7.5704638957977295,3,1024,846,0
7.570614814758301,3,1024,847,0
7.576921701431274,1,1024,802,0
7.577047824859619,1,1024,803,0
7.579565763473511,3,1024,848,0
7.579683780670166,3,1024,849,0
7.591200828552246,3,1024,850,0
7.591350793838501,3,1024,851,0
7.599003791809082,1,1024,804,0
7.599175930023193,1,1024,805,0
7.60278582572937,3,1024,852,0
7.602937698364258,3,1024,853,0
7.614189863204956,3,1024,854,0
7.614328861236572,3,1024,855,0
7.616854667663574,1,1024,806,0
7.619456768035889,1,1024,807,0
7.623351812362671,3,1024,856,0
7.624670028686523,3,1024,857,0
7.6334919929504395,3,1024,858,0
7.634735822677612,3,1024,859,0
7.642489910125732,1,1024,808,0
7.642619848251343,1,1024,809,0
7.6449480056762695,3,1024,860,0
7.645078659057617,3,1024,861,0
7.656487941741943,3,1024,862,0
7.6566338539123535,3,1024,863,0
7.662778854370117,1,1024,810,0
7.662893772125244,1,1024,811,0
7.66671895980835,3,1024,864,0
7.666874885559082,3,1024,865,0
7.679678916931152,3,1024,866,0
7.679829835891724,3,1024,867,0
7.687473773956299,1,1024,812,0
7.687618732452393,1,1024,813,0
7.68773889541626,3,1024,868,0
7.6901960372924805,3,1024,869,0
7.700445890426636,3,1024,870,0
7.700642824172974,3,1024,871,0
7.704205751419067,1,1024,814,0
7.706868886947632,1,1024,815,0
7.712019920349121,3,1024,872,0
7.712152719497681,3,1024,873,0
7.722286701202393,3,1024,874,0
7.722424745559692,3,1024,875,0
7.724944829940796,1,1024,816,0
7.72754693031311,1,1024,817,0
7.734023809432983,3,1024,876,0
7.734144687652588,3,1024,877,0
7.743945837020874,3,1024,878,0
7.744086742401123,3,1024,879,0
7.74654483795166,1,1024,818,0
7.747864723205566,1,1024,819,0
7.755419969558716,3,1024,880,0
7.755563735961914,3,1024,881,0
7.764281749725342,3,1024,882,0
7.766876935958862,3,1024,883,0
7.768219947814941,1,1024,820,0
7.768357753753662,1,1024,821,0
7.775965929031372,3,1024,884,0
7.777325868606567,3,1024,885,0
7.7876317501068115,3,1024,886,0
7.787784814834595,3,1024,887,0
7.7879109382629395,1,1024,822,0
7.789098024368286,1,1024,823,0
7.799397945404053,3,1024,888,0
7.799532651901245,3,1024,889,0
7.809567928314209,3,1024,890,0
7.8097169399261475,3,1024,891,0
7.810930967330933,1,1024,824,0
7.811048984527588,1,1024,825,0
7.822485685348511,3,1024,892,0
7.822629928588867,3,1024,893,0
7.831542730331421,1,1024,826,0
7.831697940826416,3,1024,894,0
7.831837892532349,1,1024,827,0
7.831975936889648,3,1024,895,0
