2025-06-04 10:18:09,311 - router_fifo - INFO - Router接收线程启动，算法: fifo
2025-06-04 10:18:09,311 - router_fifo - INFO - Router转发线程启动，带宽限制: 500.0 KB/s
2025-06-04 10:18:09,311 - router_fifo - INFO - Router已启动 - 算法: FIFO
2025-06-04 10:18:11,337 - router_fifo - INFO - 已接收 100 个数据包
2025-06-04 10:18:12,403 - router_fifo - INFO - 已接收 200 个数据包
2025-06-04 10:18:13,324 - router_fifo - INFO - 已接收 300 个数据包
2025-06-04 10:18:13,407 - router_fifo - INFO - 已接收 400 个数据包
2025-06-04 10:18:13,943 - router_fifo - INFO - 已接收 500 个数据包
2025-06-04 10:18:14,316 - router_fifo - INFO - === Router统计 ===
2025-06-04 10:18:14,316 - router_fifo - INFO - 接收: 566 包
2025-06-04 10:18:14,316 - router_fifo - INFO - 转发: 566 包
2025-06-04 10:18:14,316 - router_fifo - INFO - 丢弃: 0 包
2025-06-04 10:18:14,316 - router_fifo - INFO - 丢包率: 0.00%
2025-06-04 10:18:14,316 - router_fifo - INFO - ==================
2025-06-04 10:18:14,478 - router_fifo - INFO - 已接收 600 个数据包
2025-06-04 10:18:15,018 - router_fifo - INFO - 已接收 700 个数据包
2025-06-04 10:18:15,354 - router_fifo - INFO - 已接收 800 个数据包
2025-06-04 10:18:15,357 - router_fifo - INFO - 已接收 900 个数据包
2025-06-04 10:18:15,454 - router_fifo - INFO - 已接收 1000 个数据包
2025-06-04 10:18:15,724 - router_fifo - INFO - 已接收 1100 个数据包
2025-06-04 10:18:15,996 - router_fifo - INFO - 已接收 1200 个数据包
2025-06-04 10:18:16,261 - router_fifo - INFO - 已接收 1300 个数据包
2025-06-04 10:18:16,540 - router_fifo - INFO - 已接收 1400 个数据包
2025-06-04 10:18:16,802 - router_fifo - INFO - 已接收 1500 个数据包
2025-06-04 10:18:17,074 - router_fifo - INFO - 已接收 1600 个数据包
2025-06-04 10:18:17,414 - router_fifo - INFO - 已接收 1700 个数据包
2025-06-04 10:18:17,772 - router_fifo - INFO - 已接收 1800 个数据包
2025-06-04 10:18:18,132 - router_fifo - INFO - 已接收 1900 个数据包
2025-06-04 10:18:18,492 - router_fifo - INFO - 已接收 2000 个数据包
2025-06-04 10:18:18,853 - router_fifo - INFO - 已接收 2100 个数据包
2025-06-04 10:18:19,320 - router_fifo - INFO - === Router统计 ===
2025-06-04 10:18:19,320 - router_fifo - INFO - 接收: 2181 包
2025-06-04 10:18:19,320 - router_fifo - INFO - 转发: 2181 包
2025-06-04 10:18:19,320 - router_fifo - INFO - 丢弃: 0 包
2025-06-04 10:18:19,320 - router_fifo - INFO - 丢包率: 0.00%
2025-06-04 10:18:19,320 - router_fifo - INFO - ==================
