2025-06-04 10:18:07,445 - receiver - INFO - Receiver启动，模式: echo, 端口: 9090
2025-06-04 10:18:07,445 - receiver - INFO - Receiver已启动
2025-06-04 10:18:11,341 - receiver - INFO - 已接收 100 个数据包
2025-06-04 10:18:12,404 - receiver - INFO - 已接收 200 个数据包
2025-06-04 10:18:12,449 - receiver - INFO - === 流量统计 ===
2025-06-04 10:18:12,449 - receiver - INFO - Flow 1: 204 包, 204.00 KB
2025-06-04 10:18:12,449 - receiver - INFO - 总计: 204 包, 204.00 KB
2025-06-04 10:18:12,449 - receiver - INFO - ================
2025-06-04 10:18:13,325 - receiver - INFO - 已接收 300 个数据包
2025-06-04 10:18:13,408 - receiver - INFO - 已接收 400 个数据包
2025-06-04 10:18:13,943 - receiver - INFO - 已接收 500 个数据包
2025-06-04 10:18:14,479 - receiver - INFO - 已接收 600 个数据包
2025-06-04 10:18:15,019 - receiver - INFO - 已接收 700 个数据包
2025-06-04 10:18:15,355 - receiver - INFO - 已接收 800 个数据包
2025-06-04 10:18:15,358 - receiver - INFO - 已接收 900 个数据包
2025-06-04 10:18:15,455 - receiver - INFO - 已接收 1000 个数据包
2025-06-04 10:18:15,725 - receiver - INFO - 已接收 1100 个数据包
2025-06-04 10:18:15,997 - receiver - INFO - 已接收 1200 个数据包
2025-06-04 10:18:16,262 - receiver - INFO - 已接收 1300 个数据包
2025-06-04 10:18:16,540 - receiver - INFO - 已接收 1400 个数据包
2025-06-04 10:18:16,802 - receiver - INFO - 已接收 1500 个数据包
2025-06-04 10:18:17,075 - receiver - INFO - 已接收 1600 个数据包
2025-06-04 10:18:17,415 - receiver - INFO - 已接收 1700 个数据包
2025-06-04 10:18:17,457 - receiver - INFO - === 流量统计 ===
2025-06-04 10:18:17,457 - receiver - INFO - Flow 1: 670 包, 670.00 KB
2025-06-04 10:18:17,457 - receiver - INFO - Flow 2: 454 包, 227.00 KB
2025-06-04 10:18:17,457 - receiver - INFO - Flow 3: 587 包, 587.00 KB
2025-06-04 10:18:17,457 - receiver - INFO - 总计: 1711 包, 1484.00 KB
2025-06-04 10:18:17,457 - receiver - INFO - ================
2025-06-04 10:18:17,772 - receiver - INFO - 已接收 1800 个数据包
2025-06-04 10:18:18,132 - receiver - INFO - 已接收 1900 个数据包
2025-06-04 10:18:18,493 - receiver - INFO - 已接收 2000 个数据包
2025-06-04 10:18:18,854 - receiver - INFO - 已接收 2100 个数据包
