2025-06-04 10:18:28,632 - receiver - INFO - Receiver启动，模式: echo, 端口: 9091
2025-06-04 10:18:28,632 - receiver - INFO - Receiver已启动
2025-06-04 10:18:32,671 - receiver - INFO - 已接收 100 个数据包
2025-06-04 10:18:33,646 - receiver - INFO - === 流量统计 ===
2025-06-04 10:18:33,646 - receiver - INFO - Flow 1: 189 包, 189.00 KB
2025-06-04 10:18:33,646 - receiver - INFO - 总计: 189 包, 189.00 KB
2025-06-04 10:18:33,646 - receiver - INFO - ================
2025-06-04 10:18:33,752 - receiver - INFO - 已接收 200 个数据包
2025-06-04 10:18:34,682 - receiver - INFO - 已接收 300 个数据包
2025-06-04 10:18:34,762 - receiver - INFO - 已接收 400 个数据包
2025-06-04 10:18:35,297 - receiver - INFO - 已接收 500 个数据包
2025-06-04 10:18:35,832 - receiver - INFO - 已接收 600 个数据包
2025-06-04 10:18:36,367 - receiver - INFO - 已接收 700 个数据包
2025-06-04 10:18:36,702 - receiver - INFO - 已接收 800 个数据包
2025-06-04 10:18:36,703 - receiver - INFO - 已接收 900 个数据包
2025-06-04 10:18:36,812 - receiver - INFO - 已接收 1000 个数据包
2025-06-04 10:18:37,082 - receiver - INFO - 已接收 1100 个数据包
2025-06-04 10:18:37,349 - receiver - INFO - 已接收 1200 个数据包
2025-06-04 10:18:37,623 - receiver - INFO - 已接收 1300 个数据包
2025-06-04 10:18:37,897 - receiver - INFO - 已接收 1400 个数据包
2025-06-04 10:18:38,162 - receiver - INFO - 已接收 1500 个数据包
2025-06-04 10:18:38,440 - receiver - INFO - 已接收 1600 个数据包
2025-06-04 10:18:38,649 - receiver - INFO - === 流量统计 ===
2025-06-04 10:18:38,649 - receiver - INFO - Flow 1: 654 包, 654.00 KB
2025-06-04 10:18:38,649 - receiver - INFO - Flow 2: 454 包, 227.00 KB
2025-06-04 10:18:38,650 - receiver - INFO - Flow 3: 555 包, 555.00 KB
2025-06-04 10:18:38,650 - receiver - INFO - 总计: 1663 包, 1436.00 KB
2025-06-04 10:18:38,650 - receiver - INFO - ================
2025-06-04 10:18:38,778 - receiver - INFO - 已接收 1700 个数据包
2025-06-04 10:18:39,134 - receiver - INFO - 已接收 1800 个数据包
2025-06-04 10:18:39,497 - receiver - INFO - 已接收 1900 个数据包
2025-06-04 10:18:39,858 - receiver - INFO - 已接收 2000 个数据包
2025-06-04 10:18:40,228 - receiver - INFO - 已接收 2100 个数据包
