2025-06-04 10:18:30,662 - router_wfq - INFO - Router接收线程启动，算法: wfq
2025-06-04 10:18:30,662 - router_wfq - INFO - Router转发线程启动，带宽限制: 500.0 KB/s
2025-06-04 10:18:30,662 - router_wfq - INFO - Router已启动 - 算法: WFQ
2025-06-04 10:18:32,669 - router_wfq - INFO - 创建新流队列: Flow 1, 权重=1
2025-06-04 10:18:32,669 - router_wfq - INFO - 已接收 100 个数据包
2025-06-04 10:18:33,752 - router_wfq - INFO - 已接收 200 个数据包
2025-06-04 10:18:34,680 - router_wfq - INFO - 创建新流队列: Flow 2, 权重=1
2025-06-04 10:18:34,680 - router_wfq - INFO - 已接收 300 个数据包
2025-06-04 10:18:34,761 - router_wfq - INFO - 已接收 400 个数据包
2025-06-04 10:18:35,296 - router_wfq - INFO - 已接收 500 个数据包
2025-06-04 10:18:35,662 - router_wfq - INFO - === Router统计 ===
2025-06-04 10:18:35,663 - router_wfq - INFO - 接收: 568 包
2025-06-04 10:18:35,663 - router_wfq - INFO - 转发: 568 包
2025-06-04 10:18:35,663 - router_wfq - INFO - 丢弃: 0 包
2025-06-04 10:18:35,663 - router_wfq - INFO - 丢包率: 0.00%
2025-06-04 10:18:35,663 - router_wfq - INFO - 
流队列状态:
2025-06-04 10:18:35,663 - router_wfq - INFO -   Flow 1 (权重=1): 队列长度=0, 总包数=378, 丢弃=0
2025-06-04 10:18:35,663 - router_wfq - INFO -   Flow 2 (权重=1): 队列长度=0, 总包数=190, 丢弃=0
2025-06-04 10:18:35,663 - router_wfq - INFO - ==================
2025-06-04 10:18:35,830 - router_wfq - INFO - 已接收 600 个数据包
2025-06-04 10:18:36,367 - router_wfq - INFO - 已接收 700 个数据包
2025-06-04 10:18:36,700 - router_wfq - INFO - 创建新流队列: Flow 3, 权重=2
2025-06-04 10:18:36,701 - router_wfq - INFO - 已接收 800 个数据包
2025-06-04 10:18:36,702 - router_wfq - INFO - 已接收 900 个数据包
2025-06-04 10:18:36,812 - router_wfq - INFO - 已接收 1000 个数据包
2025-06-04 10:18:37,081 - router_wfq - INFO - 已接收 1100 个数据包
2025-06-04 10:18:37,348 - router_wfq - INFO - 已接收 1200 个数据包
2025-06-04 10:18:37,621 - router_wfq - INFO - 已接收 1300 个数据包
2025-06-04 10:18:37,897 - router_wfq - INFO - 已接收 1400 个数据包
2025-06-04 10:18:38,162 - router_wfq - INFO - 已接收 1500 个数据包
2025-06-04 10:18:38,439 - router_wfq - INFO - 已接收 1600 个数据包
2025-06-04 10:18:38,778 - router_wfq - INFO - 已接收 1700 个数据包
2025-06-04 10:18:39,133 - router_wfq - INFO - 已接收 1800 个数据包
2025-06-04 10:18:39,496 - router_wfq - INFO - 已接收 1900 个数据包
2025-06-04 10:18:39,857 - router_wfq - INFO - 已接收 2000 个数据包
2025-06-04 10:18:40,226 - router_wfq - INFO - 已接收 2100 个数据包
2025-06-04 10:18:40,668 - router_wfq - INFO - === Router统计 ===
2025-06-04 10:18:40,668 - router_wfq - INFO - 接收: 2178 包
2025-06-04 10:18:40,668 - router_wfq - INFO - 转发: 2178 包
2025-06-04 10:18:40,669 - router_wfq - INFO - 丢弃: 0 包
2025-06-04 10:18:40,669 - router_wfq - INFO - 丢包率: 0.00%
2025-06-04 10:18:40,669 - router_wfq - INFO - 
流队列状态:
2025-06-04 10:18:40,669 - router_wfq - INFO -   Flow 1 (权重=1): 队列长度=0, 总包数=828, 丢弃=0
2025-06-04 10:18:40,669 - router_wfq - INFO -   Flow 2 (权重=1): 队列长度=0, 总包数=454, 丢弃=0
2025-06-04 10:18:40,669 - router_wfq - INFO -   Flow 3 (权重=2): 队列长度=0, 总包数=896, 丢弃=0
2025-06-04 10:18:40,669 - router_wfq - INFO - ==================
